<?xml version="1.0" encoding="utf-8"?><testsuites name="pytest tests"><testsuite name="pytest" errors="0" failures="0" skipped="3" tests="479" time="192.081" timestamp="2026-09-15T19:09:20.064505+00:00" hostname="92ed81634189"><testcase classname="tests.test_richless.TestIsMarkdownFile" name="test_md_extension" time="0.000" /><testcase classname="tests.test_richless.TestIsMarkdownFile" name="test_md_extension_case_insensitive" time="0.000" /><testcase classname="tests.test_richless.TestIsMarkdownFile" name="test_markdown_extension" time="0.000" /><testcase classname="tests.test_richless.TestIsMarkdownFile" name="test_yaml_not_markdown" time="0.000" /><testcase classname="tests.test_richless.TestIsMarkdownFile" name="test_json_not_markdown" time="0.000" /><testcase classname="tests.test_richless.TestIsMarkdownFile" name="test_code_not_markdown" time="0.000" /><testcase classname="tests.test_richless.TestIsMarkdownFile" name="test_no_extension" time="0.000" /><testcase classname="tests.test_richless.TestDetectSyntaxFromContent" name="test_yaml_document_start" time="0.000" /><testcase classname="tests.test_richless.TestDetectSyntaxFromContent" name="test_yaml_explicit_tag" time="0.000" /><testcase classname="tests.test_richless.TestDetectSyntaxFromContent" name="test_yaml_with_comments" time="0.000" /><testcase classname="tests.test_richless.TestDetectSyntaxFromContent" name="test_yaml_key_value" time="0.000" /><testcase classname="tests.test_richless.TestDetectSyntaxFromContent" name="test_json_object" time="0.000" /><testcase classname="tests.test_richless.TestDetectSyntaxFromContent" name="test_json_object_with_whitespace" time="0.000" /><testcase classname="tests.test_richless.TestDetectSyntaxFromContent" name="test_json_array" time="0.000" /><testcase classname="tests.test_richless.TestDetectSyntaxFromContent" name="test_json_array_with_whitespace" time="0.000" /><testcase classname="tests.test_richless.TestDetectSyntaxFromContent" name="test_python_shebang" time="0.000" /><testcase classname="tests.test_richless.TestDetectSyntaxFromContent" name="test_bash_shebang" time="0.000" /><testcase classname="tests.test_richless.TestDetectSyntaxFromContent" name="test_sh_shebang" time="0.000" /><testcase classname="tests.test_richless.TestDetectSyntaxFromContent" name="test_node_shebang" time="0.000" /><testcase classname="tests.test_richless.TestDetectSyntaxFromContent" name="test_ruby_shebang" time="0.000" /><testcase classname="tests.test_richless.TestDetectSyntaxFromContent" name="test_perl_shebang" time="0.000" /><testcase classname="tests.test_richless.TestDetectSyntaxFromContent" name="test_xml_declaration" time="0.000" /><testcase classname="tests.test_richless.TestDetectSyntaxFromContent" name="test_doctype" time="0.000" /><testcase classname="tests.test_richless.TestDetectSyntaxFromContent" name="test_toml_section_header" time="0.000" /><testcase classname="tests.test_richless.TestDetectSyntaxFromContent" name="test_toml_array_header" time="0.000" /><testcase classname="tests.test_richless.TestDetectSyntaxFromContent" name="test_toml_key_value" time="0.000" /><testcase classname="tests.test_richless.TestDetectSyntaxFromContent" name="test_toml_with_comments" time="0.000" /><testcase classname="tests.test_richless.TestDetectSyntaxFromContent" name="test_toml_single_key_value" time="0.000" /><testcase classname="tests.test_richless.TestDetectSyntaxFromContent" name="test_jsonl_content" time="0.000" /><testcase classname="tests.test_richless.TestDetectSyntaxFromContent" name="test_plain_text" time="0.000" /><testcase classname="tests.test_richless.TestDetectSyntaxFromContent" name="test_empty_content" time="0.000" /><testcase classname="tests.test_richless.TestDetectSyntaxFromContent" name="test_whitespace_only" time="0.000" /><testcase classname="tests.test_richless.TestSyntaxWidthSafety" name="test_width_uses_minimum_for_empty_content" time="0.000" /><testcase classname="tests.test_richless.TestSyntaxWidthSafety" name="test_width_is_based_on_longest_line_when_under_cap" time="0.000" /><testcase classname="tests.test_richless.TestSyntaxWidthSafety" name="test_width_clamps_at_upper_bound" time="0.000" /><testcase classname="tests.test_richless.TestSyntaxWidthSafety" name="test_width_clamps_when_line_exceeds_upper_bound" time="0.000" /><testcase classname="tests.test_richless.TestIntegration" name="test_markdown_file_renders_as_markdown" time="0.345" /><testcase classname="tests.test_richless.TestIntegration" name="test_force_markdown_flag" time="0.255" /><testcase classname="tests.test_richless.TestIntegration" name="test_yaml_file_syntax_highlighting" time="0.208" /><testcase classname="tests.test_richless.TestIntegration" name="test_yaml_with_comments_syntax_highlighting" time="0.205" /><testcase classname="tests.test_richless.TestIntegration" name="test_yaml_filename_with_dash_m" time="0.207" /><testcase classname="tests.test_richless.TestIntegration" name="test_json_file_syntax_highlighting" time="0.206" /><testcase classname="tests.test_richless.TestIntegration" name="test_jsonl_file_syntax_highlighting" time="0.189" /><testcase classname="tests.test_richless.TestIntegration" name="test_python_file_syntax_highlighting" time="0.213" /><testcase classname="tests.test_richless.TestIntegration" name="test_shell_file_syntax_highlighting" time="0.206" /><testcase classname="tests.test_richless.TestIntegration" name="test_toml_file_syntax_highlighting" time="0.207" /><testcase classname="tests.test_richless.TestIntegration" name="test_xml_file_syntax_highlighting" time="0.226" /><testcase classname="tests.test_richless.TestIntegration" name="test_js_file_syntax_highlighting" time="0.214" /><testcase classname="tests.test_richless.TestIntegration" name="test_ruby_file_syntax_highlighting" time="0.214" /><testcase classname="tests.test_richless.TestIntegration" name="test_perl_file_syntax_highlighting" time="0.221" /><testcase classname="tests.test_richless.TestIntegration" name="test_html_file_syntax_highlighting" time="0.211" /><testcase classname="tests.test_richless.TestIntegration" name="test_txt_file_no_crash" time="0.205" /><testcase classname="tests.test_richless.TestIntegration" name="test_log_file_with_jsonl_content" time="0.207" /><testcase classname="tests.test_richless.TestTempFileDetection" name="test_temp_file_with_json_content" time="0.195" /><testcase classname="tests.test_richless.TestTempFileDetection" name="test_temp_file_with_yaml_content" time="0.191" /><testcase classname="tests.test_richless.TestTempFileDetection" name="test_temp_file_with_toml_content" time="0.195" /><testcase classname="tests.test_richless.TestLessOpenIntegration" name="test_markdown_via_lessopen" time="0.264" /><testcase classname="tests.test_richless.TestLessOpenIntegration" name="test_yaml_via_lessopen" time="0.202" /><testcase classname="tests.test_richless.TestLessOpenIntegration" name="test_yaml_with_comments_via_lessopen" time="0.202" /><testcase classname="tests.test_richless.TestLessOpenIntegration" name="test_json_via_lessopen" time="0.201" /><testcase classname="tests.test_richless.TestLessOpenIntegration" name="test_jsonl_via_lessopen" time="0.192" /><testcase classname="tests.test_richless.TestLessOpenIntegration" name="test_filename_with_dash_m_via_lessopen" time="0.199" /><testcase classname="tests.test_richless.TestLessOpenIntegration" name="test_toml_via_lessopen" time="0.203" /><testcase classname="tests.test_richless.TestLessOpenIntegration" name="test_xml_via_lessopen" time="0.206" /><testcase classname="tests.test_richless.TestLessOpenIntegration" name="test_python_via_lessopen" time="0.216" /><testcase classname="tests.test_richless.TestLessOpenIntegration" name="test_shell_via_lessopen" time="0.200" /><testcase classname="tests.test_richless.TestLessOpenIntegration" name="test_js_via_lessopen" time="0.208" /><testcase classname="tests.test_richless.TestPipedInputDetection" name="test_piped_yaml" time="0.391" /><testcase classname="tests.test_richless.TestPipedInputDetection" name="test_piped_yaml_with_comments" time="0.406" /><testcase classname="tests.test_richless.TestPipedInputDetection" name="test_piped_json" time="0.401" /><testcase classname="tests.test_richless.TestPipedInputDetection" name="test_piped_jsonl" time="0.393" /><testcase classname="tests.test_richless.TestPipedInputDetection" name="test_piped_markdown" time="0.488" /><testcase classname="tests.test_richless.TestPipedInputDetection" name="test_piped_toml" time="0.405" /><testcase classname="tests.test_richless.TestPipedInputDetection" name="test_piped_python" time="0.412" /><testcase classname="tests.test_richless.TestPipedInputDetection" name="test_piped_shell" time="0.404" /><testcase classname="tests.test_richless.TestPipedInputDetection" name="test_piped_xml" time="0.395" /><testcase classname="tests.test_richless.TestPipedInputDetection" name="test_piped_plain_text" time="0.400" /><testcase classname="tests.test_richless.TestErrorHandling" name="test_missing_file_returns_exit_code_1" time="0.187" /><testcase classname="tests.test_richless.TestErrorHandling" name="test_empty_file_does_not_crash" time="0.215" /><testcase classname="tests.test_richless.TestErrorHandling" name="test_binary_file_does_not_crash" time="0.187" /><testcase classname="tests.test_richless.TestErrorHandling" name="test_successful_render_returns_exit_code_0" time="0.214" /><testcase classname="tests.test_richless.TestErrorHandling" name="test_extremely_long_line_falls_back_to_raw_output" time="0.215" /><testcase classname="tests.test_richless.TestStdinInput" name="test_stdin_dash_with_python_content" time="0.192" /><testcase classname="tests.test_richless.TestStdinInput" name="test_stdin_dash_with_force_markdown" time="0.250" /><testcase classname="tests.test_richless.TestStdinInput" name="test_stdin_dev_stdin" time="0.191" /><testcase classname="tests.test_richless" name="test_audit_routes[file-plain-bash]" time="0.088" /><testcase classname="tests.test_richless" name="test_audit_routes[file-plain-zsh]" time="0.085" /><testcase classname="tests.test_richless" name="test_audit_routes[file-plain-sh]" time="0.080" /><testcase classname="tests.test_richless" name="test_audit_routes[file-filter-bash]" time="0.295" /><testcase classname="tests.test_richless" name="test_audit_routes[file-filter-zsh]" time="0.284" /><testcase classname="tests.test_richless" name="test_audit_routes[file-filter-sh]" time="0.284" /><testcase classname="tests.test_richless" name="test_audit_routes[file-wrapper-bash]" time="0.464" /><testcase classname="tests.test_richless" name="test_audit_routes[file-wrapper-zsh]" time="0.456" /><testcase classname="tests.test_richless" name="test_audit_routes[file-wrapper-sh]" time="0.482" /><testcase classname="tests.test_richless" name="test_audit_routes[pipe-plain-bash]" time="0.081" /><testcase classname="tests.test_richless" name="test_audit_routes[pipe-plain-zsh]" time="0.082" /><testcase classname="tests.test_richless" name="test_audit_routes[pipe-plain-sh]" time="0.083" /><testcase classname="tests.test_richless" name="test_audit_routes[pipe-filter-bash]" time="0.238" /><testcase classname="tests.test_richless" name="test_audit_routes[pipe-filter-zsh]" time="0.239" /><testcase classname="tests.test_richless" name="test_audit_routes[pipe-filter-sh]" time="0.235" /><testcase classname="tests.test_richless" name="test_audit_routes[pipe-wrapper-bash]" time="0.454" /><testcase classname="tests.test_richless" name="test_audit_routes[pipe-wrapper-zsh]" time="0.461" /><testcase classname="tests.test_richless" name="test_audit_routes[pipe-wrapper-sh]" time="0.486" /><testcase classname="tests.test_richless" name="test_audit_routes[redirect-plain-bash]" time="0.083" /><testcase classname="tests.test_richless" name="test_audit_routes[redirect-plain-zsh]" time="0.085" /><testcase classname="tests.test_richless" name="test_audit_routes[redirect-plain-sh]" time="0.082" /><testcase classname="tests.test_richless" name="test_audit_routes[redirect-filter-bash]" time="0.237" /><testcase classname="tests.test_richless" name="test_audit_routes[redirect-filter-zsh]" time="0.239" /><testcase classname="tests.test_richless" name="test_audit_routes[redirect-filter-sh]" time="0.241" /><testcase classname="tests.test_richless" name="test_audit_routes[redirect-wrapper-bash]" time="0.485" /><testcase classname="tests.test_richless" name="test_audit_routes[redirect-wrapper-zsh]" time="0.446" /><testcase classname="tests.test_richless" name="test_audit_routes[redirect-wrapper-sh]" time="0.490" /><testcase classname="tests.test_richless" name="test_audit_routes[dash-plain-bash]" time="0.084" /><testcase classname="tests.test_richless" name="test_audit_routes[dash-plain-zsh]" time="0.082" /><testcase classname="tests.test_richless" name="test_audit_routes[dash-plain-sh]" time="0.082" /><testcase classname="tests.test_richless" name="test_audit_routes[dash-filter-bash]" time="0.238" /><testcase classname="tests.test_richless" name="test_audit_routes[dash-filter-zsh]" time="0.240" /><testcase classname="tests.test_richless" name="test_audit_routes[dash-filter-sh]" time="0.235" /><testcase classname="tests.test_richless" name="test_audit_routes[dash-wrapper-bash]" time="0.451" /><testcase classname="tests.test_richless" name="test_audit_routes[dash-wrapper-zsh]" time="0.485" /><testcase classname="tests.test_richless" name="test_audit_routes[dash-wrapper-sh]" time="0.453" /><testcase classname="tests.test_richless" name="test_audit_formats[code.c-file]" time="0.226" /><testcase classname="tests.test_richless" name="test_audit_formats[code.c-pipe]" time="0.405" /><testcase classname="tests.test_richless" name="test_audit_formats[code.c-cli]" time="0.218" /><testcase classname="tests.test_richless" name="test_audit_formats[code.py-file]" time="0.228" /><testcase classname="tests.test_richless" name="test_audit_formats[code.py-pipe]" time="0.421" /><testcase classname="tests.test_richless" name="test_audit_formats[code.py-cli]" time="0.230" /><testcase classname="tests.test_richless" name="test_audit_formats[code.PY-file]" time="0.234" /><testcase classname="tests.test_richless" name="test_audit_formats[code.PY-pipe]" time="0.416" /><testcase classname="tests.test_richless" name="test_audit_formats[code.PY-cli]" time="0.227" /><testcase classname="tests.test_richless" name="test_audit_formats[doc.md-file]" time="0.263" /><testcase classname="tests.test_richless" name="test_audit_formats[doc.md-pipe]" time="0.462" /><testcase classname="tests.test_richless" name="test_audit_formats[doc.md-cli]" time="0.260" /><testcase classname="tests.test_richless" name="test_audit_formats[heading.md-file]" time="0.261" /><testcase classname="tests.test_richless" name="test_audit_formats[heading.md-pipe]" time="0.411" /><testcase classname="tests.test_richless" name="test_audit_formats[heading.md-cli]" time="0.263" /><testcase classname="tests.test_richless" name="test_audit_formats[list.md-file]" time="0.263" /><testcase classname="tests.test_richless" name="test_audit_formats[list.md-pipe]" time="0.405" /><testcase classname="tests.test_richless" name="test_audit_formats[list.md-cli]" time="0.260" /><testcase classname="tests.test_richless" name="test_audit_formats[conn.log-file]" time="0.212" /><testcase classname="tests.test_richless" name="test_audit_formats[conn.log-pipe]" time="0.411" /><testcase classname="tests.test_richless" name="test_audit_formats[conn.log-cli]" time="0.212" /><testcase classname="tests.test_richless" name="test_audit_formats[data.jsonl-file]" time="0.202" /><testcase classname="tests.test_richless" name="test_audit_formats[data.jsonl-pipe]" time="0.414" /><testcase classname="tests.test_richless" name="test_audit_formats[data.jsonl-cli]" time="0.200" /><testcase classname="tests.test_richless" name="test_audit_formats[config.yml-file]" time="0.215" /><testcase classname="tests.test_richless" name="test_audit_formats[config.yml-pipe]" time="0.420" /><testcase classname="tests.test_richless" name="test_audit_formats[config.yml-cli]" time="0.220" /><testcase classname="tests.test_richless" name="test_audit_formats[config.toml-file]" time="0.219" /><testcase classname="tests.test_richless" name="test_audit_formats[config.toml-pipe]" time="0.409" /><testcase classname="tests.test_richless" name="test_audit_formats[config.toml-cli]" time="0.218" /><testcase classname="tests.test_richless" name="test_audit_formats[README-file]" time="0.263" /><testcase classname="tests.test_richless" name="test_audit_formats[README-pipe]" time="0.453" /><testcase classname="tests.test_richless" name="test_audit_formats[README-cli]" time="0.264" /><testcase classname="tests.test_richless" name="test_audit_formats[unknown-file]" time="0.200" /><testcase classname="tests.test_richless" name="test_audit_formats[unknown-pipe]" time="0.412" /><testcase classname="tests.test_richless" name="test_audit_formats[unknown-cli]" time="0.202" /><testcase classname="tests.test_richless" name="test_audit_formats[data.xml-file]" time="0.222" /><testcase classname="tests.test_richless" name="test_audit_formats[data.xml-pipe]" time="0.406" /><testcase classname="tests.test_richless" name="test_audit_formats[data.xml-cli]" time="0.218" /><testcase classname="tests.test_richless" name="test_audit_formats[misleading.md-file]" time="0.260" /><testcase classname="tests.test_richless" name="test_audit_formats[misleading.md-pipe]" time="0.403" /><testcase classname="tests.test_richless" name="test_audit_formats[misleading.md-cli]" time="0.257" /><testcase classname="tests.test_richless" name="test_audit_formats[plain.txt-file]" time="0.214" /><testcase classname="tests.test_richless" name="test_audit_formats[plain.txt-pipe]" time="0.410" /><testcase classname="tests.test_richless" name="test_audit_formats[plain.txt-cli]" time="0.216" /><testcase classname="tests.test_richless" name="test_audit_mixed[glob-plain-bash]" time="0.396" /><testcase classname="tests.test_richless" name="test_audit_mixed[glob-plain-zsh]" time="0.401" /><testcase classname="tests.test_richless" name="test_audit_mixed[glob-plain-sh]" time="0.400" /><testcase classname="tests.test_richless" name="test_audit_mixed[glob-filter-bash]" time="1.425" /><testcase classname="tests.test_richless" name="test_audit_mixed[glob-filter-zsh]" time="1.389" /><testcase classname="tests.test_richless" name="test_audit_mixed[glob-filter-sh]" time="1.470" /><testcase classname="tests.test_richless" name="test_audit_mixed[glob-wrapper-bash]" time="1.674" /><testcase classname="tests.test_richless" name="test_audit_mixed[glob-wrapper-zsh]" time="1.622" /><testcase classname="tests.test_richless" name="test_audit_mixed[glob-wrapper-sh]" time="1.580" /><testcase classname="tests.test_richless" name="test_audit_mixed[reverse-plain-bash]" time="0.406" /><testcase classname="tests.test_richless" name="test_audit_mixed[reverse-plain-zsh]" time="0.377" /><testcase classname="tests.test_richless" name="test_audit_mixed[reverse-plain-sh]" time="0.403" /><testcase classname="tests.test_richless" name="test_audit_mixed[reverse-filter-bash]" time="1.451" /><testcase classname="tests.test_richless" name="test_audit_mixed[reverse-filter-zsh]" time="1.457" /><testcase classname="tests.test_richless" name="test_audit_mixed[reverse-filter-sh]" time="1.463" /><testcase classname="tests.test_richless" name="test_audit_mixed[reverse-wrapper-bash]" time="1.614" /><testcase classname="tests.test_richless" name="test_audit_mixed[reverse-wrapper-zsh]" time="1.676" /><testcase classname="tests.test_richless" name="test_audit_mixed[reverse-wrapper-sh]" time="1.673" /><testcase classname="tests.test_richless" name="test_audit_mixed[spaces-plain-bash]" time="0.383" /><testcase classname="tests.test_richless" name="test_audit_mixed[spaces-plain-zsh]" time="0.389" /><testcase classname="tests.test_richless" name="test_audit_mixed[spaces-plain-sh]" time="0.368" /><testcase classname="tests.test_richless" name="test_audit_mixed[spaces-filter-bash]" time="1.401" /><testcase classname="tests.test_richless" name="test_audit_mixed[spaces-filter-zsh]" time="1.403" /><testcase classname="tests.test_richless" name="test_audit_mixed[spaces-filter-sh]" time="1.406" /><testcase classname="tests.test_richless" name="test_audit_mixed[spaces-wrapper-bash]" time="1.618" /><testcase classname="tests.test_richless" name="test_audit_mixed[spaces-wrapper-zsh]" time="1.576" /><testcase classname="tests.test_richless" name="test_audit_mixed[spaces-wrapper-sh]" time="1.585" /><testcase classname="tests.test_richless" name="test_audit_mixed[forced-plain-bash]" time="0.404" /><testcase classname="tests.test_richless" name="test_audit_mixed[forced-plain-zsh]" time="0.390" /><testcase classname="tests.test_richless" name="test_audit_mixed[forced-plain-sh]" time="0.382" /><testcase classname="tests.test_richless" name="test_audit_mixed[forced-filter-bash]" time="1.426" /><testcase classname="tests.test_richless" name="test_audit_mixed[forced-filter-zsh]" time="1.474" /><testcase classname="tests.test_richless" name="test_audit_mixed[forced-filter-sh]" time="1.509" /><testcase classname="tests.test_richless" name="test_audit_mixed[forced-wrapper-bash]" time="1.773" /><testcase classname="tests.test_richless" name="test_audit_mixed[forced-wrapper-zsh]" time="1.726" /><testcase classname="tests.test_richless" name="test_audit_mixed[forced-wrapper-sh]" time="1.806" /><testcase classname="tests.test_richless" name="test_audit_mixed[data-plain-plain-bash]" time="0.396" /><testcase classname="tests.test_richless" name="test_audit_mixed[data-plain-plain-zsh]" time="0.389" /><testcase classname="tests.test_richless" name="test_audit_mixed[data-plain-plain-sh]" time="0.383" /><testcase classname="tests.test_richless" name="test_audit_mixed[data-plain-filter-bash]" time="1.425" /><testcase classname="tests.test_richless" name="test_audit_mixed[data-plain-filter-zsh]" time="1.430" /><testcase classname="tests.test_richless" name="test_audit_mixed[data-plain-filter-sh]" time="1.477" /><testcase classname="tests.test_richless" name="test_audit_mixed[data-plain-wrapper-bash]" time="1.561" /><testcase classname="tests.test_richless" name="test_audit_mixed[data-plain-wrapper-zsh]" time="1.572" /><testcase classname="tests.test_richless" name="test_audit_mixed[data-plain-wrapper-sh]" time="1.467" /><testcase classname="tests.test_richless" name="test_audit_integrity[empty-cli]" time="0.211" /><testcase classname="tests.test_richless" name="test_audit_integrity[empty-filter]" time="0.213" /><testcase classname="tests.test_richless" name="test_audit_integrity[empty-wrapper]" time="0.392" /><testcase classname="tests.test_richless" name="test_audit_integrity[no-newline-cli]" time="0.217" /><testcase classname="tests.test_richless" name="test_audit_integrity[no-newline-filter]" time="0.220" /><testcase classname="tests.test_richless" name="test_audit_integrity[no-newline-wrapper]" time="0.405" /><testcase classname="tests.test_richless" name="test_audit_integrity[blank-lines-cli]" time="0.216" /><testcase classname="tests.test_richless" name="test_audit_integrity[blank-lines-filter]" time="0.219" /><testcase classname="tests.test_richless" name="test_audit_integrity[blank-lines-wrapper]" time="0.415" /><testcase classname="tests.test_richless" name="test_audit_integrity[tabs-cli]" time="0.219" /><testcase classname="tests.test_richless" name="test_audit_integrity[tabs-filter]" time="0.216" /><testcase classname="tests.test_richless" name="test_audit_integrity[tabs-wrapper]" time="0.413" /><testcase classname="tests.test_richless" name="test_audit_integrity[crlf-cli]" time="0.207" /><testcase classname="tests.test_richless" name="test_audit_integrity[crlf-filter]" time="0.211" /><testcase classname="tests.test_richless" name="test_audit_integrity[crlf-wrapper]" time="0.391" /><testcase classname="tests.test_richless" name="test_audit_integrity[unicode-cli]" time="0.217" /><testcase classname="tests.test_richless" name="test_audit_integrity[unicode-filter]" time="0.214" /><testcase classname="tests.test_richless" name="test_audit_integrity[unicode-wrapper]" time="0.401" /><testcase classname="tests.test_richless" name="test_audit_integrity[invalid-cli]" time="0.203" /><testcase classname="tests.test_richless" name="test_audit_integrity[invalid-filter]" time="0.204" /><testcase classname="tests.test_richless" name="test_audit_integrity[invalid-wrapper]" time="0.412" /><testcase classname="tests.test_richless" name="test_audit_integrity[binary-cli]" time="0.199" /><testcase classname="tests.test_richless" name="test_audit_integrity[binary-filter]" time="0.199" /><testcase classname="tests.test_richless" name="test_audit_integrity[binary-wrapper]" time="0.405" /><testcase classname="tests.test_richless" name="test_audit_integrity[ansi-cli]" time="0.194" /><testcase classname="tests.test_richless" name="test_audit_integrity[ansi-filter]" time="0.198" /><testcase classname="tests.test_richless" name="test_audit_integrity[ansi-wrapper]" time="0.401" /><testcase classname="tests.test_richless" name="test_audit_integrity[long-cli]" time="0.211" /><testcase classname="tests.test_richless" name="test_audit_integrity[long-filter]" time="0.207" /><testcase classname="tests.test_richless" name="test_audit_integrity[long-wrapper]" time="0.413" /><testcase classname="tests.test_richless" name="test_audit_arguments[spaces-plain-bash]" time="0.085" /><testcase classname="tests.test_richless" name="test_audit_arguments[spaces-plain-zsh]" time="0.085" /><testcase classname="tests.test_richless" name="test_audit_arguments[spaces-plain-sh]" time="0.085" /><testcase classname="tests.test_richless" name="test_audit_arguments[spaces-filter-bash]" time="0.294" /><testcase classname="tests.test_richless" name="test_audit_arguments[spaces-filter-zsh]" time="0.289" /><testcase classname="tests.test_richless" name="test_audit_arguments[spaces-filter-sh]" time="0.285" /><testcase classname="tests.test_richless" name="test_audit_arguments[spaces-wrapper-bash]" time="0.473" /><testcase classname="tests.test_richless" name="test_audit_arguments[spaces-wrapper-zsh]" time="0.448" /><testcase classname="tests.test_richless" name="test_audit_arguments[spaces-wrapper-sh]" time="0.482" /><testcase classname="tests.test_richless" name="test_audit_arguments[quotes-plain-bash]" time="0.086" /><testcase classname="tests.test_richless" name="test_audit_arguments[quotes-plain-zsh]" time="0.086" /><testcase classname="tests.test_richless" name="test_audit_arguments[quotes-plain-sh]" time="0.089" /><testcase classname="tests.test_richless" name="test_audit_arguments[quotes-filter-bash]" time="0.294" /><testcase classname="tests.test_richless" name="test_audit_arguments[quotes-filter-zsh]" time="0.235" /><testcase classname="tests.test_richless" name="test_audit_arguments[quotes-filter-sh]" time="0.290" /><testcase classname="tests.test_richless" name="test_audit_arguments[quotes-wrapper-bash]" time="0.479" /><testcase classname="tests.test_richless" name="test_audit_arguments[quotes-wrapper-zsh]" time="0.448" /><testcase classname="tests.test_richless" name="test_audit_arguments[quotes-wrapper-sh]" time="0.489" /><testcase classname="tests.test_richless" name="test_audit_arguments[metacharacters-plain-bash]" time="0.080" /><testcase classname="tests.test_richless" name="test_audit_arguments[metacharacters-plain-zsh]" time="0.085" /><testcase classname="tests.test_richless" name="test_audit_arguments[metacharacters-plain-sh]" time="0.084" /><testcase classname="tests.test_richless" name="test_audit_arguments[metacharacters-filter-bash]" time="0.289" /><testcase classname="tests.test_richless" name="test_audit_arguments[metacharacters-filter-zsh]" time="0.292" /><testcase classname="tests.test_richless" name="test_audit_arguments[metacharacters-filter-sh]" time="0.295" /><testcase classname="tests.test_richless" name="test_audit_arguments[metacharacters-wrapper-bash]" time="0.488" /><testcase classname="tests.test_richless" name="test_audit_arguments[metacharacters-wrapper-zsh]" time="0.461" /><testcase classname="tests.test_richless" name="test_audit_arguments[metacharacters-wrapper-sh]" time="0.456" /><testcase classname="tests.test_richless" name="test_audit_arguments[whitespace-plain-bash]" time="0.082" /><testcase classname="tests.test_richless" name="test_audit_arguments[whitespace-plain-zsh]" time="0.082" /><testcase classname="tests.test_richless" name="test_audit_arguments[whitespace-plain-sh]" time="0.087" /><testcase classname="tests.test_richless" name="test_audit_arguments[whitespace-filter-bash]" time="0.293" /><testcase classname="tests.test_richless" name="test_audit_arguments[whitespace-filter-zsh]" time="0.284" /><testcase classname="tests.test_richless" name="test_audit_arguments[whitespace-filter-sh]" time="0.283" /><testcase classname="tests.test_richless" name="test_audit_arguments[whitespace-wrapper-bash]" time="0.456" /><testcase classname="tests.test_richless" name="test_audit_arguments[whitespace-wrapper-zsh]" time="0.449" /><testcase classname="tests.test_richless" name="test_audit_arguments[whitespace-wrapper-sh]" time="0.480" /><testcase classname="tests.test_richless" name="test_audit_arguments[whitespace-collision-plain-bash]" time="0.081" /><testcase classname="tests.test_richless" name="test_audit_arguments[whitespace-collision-plain-zsh]" time="0.083" /><testcase classname="tests.test_richless" name="test_audit_arguments[whitespace-collision-plain-sh]" time="0.080" /><testcase classname="tests.test_richless" name="test_audit_arguments[whitespace-collision-filter-bash]" time="0.286" /><testcase classname="tests.test_richless" name="test_audit_arguments[whitespace-collision-filter-zsh]" time="0.285" /><testcase classname="tests.test_richless" name="test_audit_arguments[whitespace-collision-filter-sh]" time="0.301" /><testcase classname="tests.test_richless" name="test_audit_arguments[whitespace-collision-wrapper-bash]" time="0.499" /><testcase classname="tests.test_richless" name="test_audit_arguments[whitespace-collision-wrapper-zsh]" time="0.451" /><testcase classname="tests.test_richless" name="test_audit_arguments[whitespace-collision-wrapper-sh]" time="0.453" /><testcase classname="tests.test_richless" name="test_audit_arguments[leading-dash-plain-bash]" time="0.085" /><testcase classname="tests.test_richless" name="test_audit_arguments[leading-dash-plain-zsh]" time="0.081" /><testcase classname="tests.test_richless" name="test_audit_arguments[leading-dash-plain-sh]" time="0.087" /><testcase classname="tests.test_richless" name="test_audit_arguments[leading-dash-filter-bash]" time="0.293" /><testcase classname="tests.test_richless" name="test_audit_arguments[leading-dash-filter-zsh]" time="0.282" /><testcase classname="tests.test_richless" name="test_audit_arguments[leading-dash-filter-sh]" time="0.283" /><testcase classname="tests.test_richless" name="test_audit_arguments[leading-dash-wrapper-bash]" time="0.486" /><testcase classname="tests.test_richless" name="test_audit_arguments[leading-dash-wrapper-zsh]" time="0.454" /><testcase classname="tests.test_richless" name="test_audit_arguments[leading-dash-wrapper-sh]" time="0.449" /><testcase classname="tests.test_richless" name="test_audit_arguments[dash-m-plain-bash]" time="0.083" /><testcase classname="tests.test_richless" name="test_audit_arguments[dash-m-plain-zsh]" time="0.083" /><testcase classname="tests.test_richless" name="test_audit_arguments[dash-m-plain-sh]" time="0.080" /><testcase classname="tests.test_richless" name="test_audit_arguments[dash-m-filter-bash]" time="0.286" /><testcase classname="tests.test_richless" name="test_audit_arguments[dash-m-filter-zsh]" time="0.288" /><testcase classname="tests.test_richless" name="test_audit_arguments[dash-m-filter-sh]" time="0.288" /><testcase classname="tests.test_richless" name="test_audit_arguments[dash-m-wrapper-bash]" time="0.449" /><testcase classname="tests.test_richless" name="test_audit_arguments[dash-m-wrapper-zsh]" time="0.480" /><testcase classname="tests.test_richless" name="test_audit_arguments[dash-m-wrapper-sh]" time="0.485" /><testcase classname="tests.test_richless" name="test_audit_environment[less-options-bash]" time="0.489" /><testcase classname="tests.test_richless" name="test_audit_environment[less-options-zsh]" time="0.461" /><testcase classname="tests.test_richless" name="test_audit_environment[less-options-sh]" time="0.462" /><testcase classname="tests.test_richless" name="test_audit_environment[lessopen-bash]" time="0.482" /><testcase classname="tests.test_richless" name="test_audit_environment[lessopen-zsh]" time="0.489" /><testcase classname="tests.test_richless" name="test_audit_environment[lessopen-sh]" time="0.448" /><testcase classname="tests.test_richless" name="test_audit_environment[twice-bash]" time="0.488" /><testcase classname="tests.test_richless" name="test_audit_environment[twice-zsh]" time="0.491" /><testcase classname="tests.test_richless" name="test_audit_environment[twice-sh]" time="0.494" /><testcase classname="tests.test_richless" name="test_audit_environment[pipe-search-bash]" time="0.496" /><testcase classname="tests.test_richless" name="test_audit_environment[pipe-search-zsh]" time="0.474" /><testcase classname="tests.test_richless" name="test_audit_environment[pipe-search-sh]" time="0.483" /><testcase classname="tests.test_richless" name="test_audit_environment[redirected-file-bash]" time="0.477" /><testcase classname="tests.test_richless" name="test_audit_environment[redirected-file-zsh]" time="0.476" /><testcase classname="tests.test_richless" name="test_audit_environment[redirected-file-sh]" time="0.483" /><testcase classname="tests.test_richless" name="test_audit_environment[temp-failure-bash]" time="0.409" /><testcase classname="tests.test_richless" name="test_audit_environment[temp-failure-zsh]" time="0.412" /><testcase classname="tests.test_richless" name="test_audit_environment[temp-failure-sh]" time="0.478" /><testcase classname="tests.test_richless" name="test_audit_environment[missing-bash]" time="0.391" /><testcase classname="tests.test_richless" name="test_audit_environment[missing-zsh]" time="0.410" /><testcase classname="tests.test_richless" name="test_audit_environment[missing-sh]" time="0.399" /><testcase classname="tests.test_richless" name="test_audit_stream[plain-bash]" time="0.176" /><testcase classname="tests.test_richless" name="test_audit_stream[plain-zsh]" time="0.207" /><testcase classname="tests.test_richless" name="test_audit_stream[plain-sh]" time="0.208" /><testcase classname="tests.test_richless" name="test_audit_stream[filter-bash]" time="0.475" /><testcase classname="tests.test_richless" name="test_audit_stream[filter-zsh]" time="0.464" /><testcase classname="tests.test_richless" name="test_audit_stream[filter-sh]" time="0.457" /><testcase classname="tests.test_richless" name="test_audit_stream[wrapper-bash]" time="0.690" /><testcase classname="tests.test_richless" name="test_audit_stream[wrapper-zsh]" time="0.679" /><testcase classname="tests.test_richless" name="test_audit_stream[wrapper-sh]" time="0.637" /><testcase classname="tests.test_richless" name="test_audit_follow_file[plain-bash]" time="0.177" /><testcase classname="tests.test_richless" name="test_audit_follow_file[plain-zsh]" time="0.199" /><testcase classname="tests.test_richless" name="test_audit_follow_file[plain-sh]" time="0.184" /><testcase classname="tests.test_richless" name="test_audit_follow_file[filter-bash]" time="0.380" /><testcase classname="tests.test_richless" name="test_audit_follow_file[filter-zsh]" time="0.342" /><testcase classname="tests.test_richless" name="test_audit_follow_file[filter-sh]" time="0.327" /><testcase classname="tests.test_richless" name="test_audit_follow_file[wrapper-bash]" time="0.561" /><testcase classname="tests.test_richless" name="test_audit_follow_file[wrapper-zsh]" time="0.571" /><testcase classname="tests.test_richless" name="test_audit_follow_file[wrapper-sh]" time="0.583" /><testcase classname="tests.test_richless" name="test_audit_interaction[plain-bash]" time="0.689" /><testcase classname="tests.test_richless" name="test_audit_interaction[plain-zsh]" time="0.677" /><testcase classname="tests.test_richless" name="test_audit_interaction[plain-sh]" time="0.700" /><testcase classname="tests.test_richless" name="test_audit_interaction[filter-bash]" time="0.855" /><testcase classname="tests.test_richless" name="test_audit_interaction[filter-zsh]" time="0.927" /><testcase classname="tests.test_richless" name="test_audit_interaction[filter-sh]" time="0.853" /><testcase classname="tests.test_richless" name="test_audit_interaction[wrapper-bash]" time="1.090" /><testcase classname="tests.test_richless" name="test_audit_interaction[wrapper-zsh]" time="1.072" /><testcase classname="tests.test_richless" name="test_audit_interaction[wrapper-sh]" time="1.050" /><testcase classname="tests.test_richless" name="test_audit_mixed_obstacle[empty-plain]" time="0.318" /><testcase classname="tests.test_richless" name="test_audit_mixed_obstacle[empty-filter]" time="1.319" /><testcase classname="tests.test_richless" name="test_audit_mixed_obstacle[empty-wrapper]" time="1.446" /><testcase classname="tests.test_richless" name="test_audit_mixed_obstacle[binary-plain]" time="0.403" /><testcase classname="tests.test_richless" name="test_audit_mixed_obstacle[binary-filter]" time="1.275" /><testcase classname="tests.test_richless" name="test_audit_mixed_obstacle[binary-wrapper]" time="1.454" /><testcase classname="tests.test_richless" name="test_audit_mixed_obstacle[unreadable-plain]" time="0.284" /><testcase classname="tests.test_richless" name="test_audit_mixed_obstacle[unreadable-filter]" time="1.256" /><testcase classname="tests.test_richless" name="test_audit_mixed_obstacle[unreadable-wrapper]" time="1.438" /><testcase classname="tests.test_richless" name="test_audit_fifo[plain-bash]" time="0.107" /><testcase classname="tests.test_richless" name="test_audit_fifo[plain-zsh]" time="0.113" /><testcase classname="tests.test_richless" name="test_audit_fifo[plain-sh]" time="0.105" /><testcase classname="tests.test_richless" name="test_audit_fifo[filter-bash]" time="0.328" /><testcase classname="tests.test_richless" name="test_audit_fifo[filter-zsh]" time="0.364" /><testcase classname="tests.test_richless" name="test_audit_fifo[filter-sh]" time="0.326" /><testcase classname="tests.test_richless" name="test_audit_fifo[wrapper-bash]" time="0.581" /><testcase classname="tests.test_richless" name="test_audit_fifo[wrapper-zsh]" time="0.526" /><testcase classname="tests.test_richless" name="test_audit_fifo[wrapper-sh]" time="0.573" /><testcase classname="tests.test_richless" name="test_audit_failures[normal-bash]" time="0.396" /><testcase classname="tests.test_richless" name="test_audit_failures[normal-zsh]" time="0.396" /><testcase classname="tests.test_richless" name="test_audit_failures[normal-sh]" time="0.375" /><testcase classname="tests.test_richless" name="test_audit_failures[interrupt-copy-bash]" time="2.632" /><testcase classname="tests.test_richless" name="test_audit_failures[interrupt-copy-zsh]" time="2.651" /><testcase classname="tests.test_richless" name="test_audit_failures[interrupt-copy-sh]" time="2.630" /><testcase classname="tests.test_richless" name="test_audit_failures[terminate-copy-bash]" time="0.485" /><testcase classname="tests.test_richless" name="test_audit_failures[terminate-copy-zsh]" time="0.486" /><testcase classname="tests.test_richless" name="test_audit_failures[terminate-copy-sh]" time="0.538" /><testcase classname="tests.test_richless" name="test_audit_failures[producer-fails-bash]" time="0.390" /><testcase classname="tests.test_richless" name="test_audit_failures[producer-fails-zsh]" time="0.403" /><testcase classname="tests.test_richless" name="test_audit_failures[producer-fails-sh]" time="0.408" /><testcase classname="tests.test_richless" name="test_audit_failures[missing-renderer-bash]" time="0.008" /><testcase classname="tests.test_richless" name="test_audit_failures[missing-renderer-zsh]" time="0.008" /><testcase classname="tests.test_richless" name="test_audit_failures[missing-renderer-sh]" time="0.007" /><testcase classname="tests.test_richless" name="test_audit_failures[render-before-bash]" time="0.008" /><testcase classname="tests.test_richless" name="test_audit_failures[render-before-zsh]" time="0.008" /><testcase classname="tests.test_richless" name="test_audit_failures[render-before-sh]" time="0.007" /><testcase classname="tests.test_richless" name="test_audit_failures[render-after-bash]" time="0.008" /><testcase classname="tests.test_richless" name="test_audit_failures[render-after-zsh]" time="0.008" /><testcase classname="tests.test_richless" name="test_audit_failures[render-after-sh]" time="0.007" /><testcase classname="tests.test_richless" name="test_audit_python_render_failure[before]" time="0.217" /><testcase classname="tests.test_richless" name="test_audit_python_render_failure[after]" time="0.218" /><testcase classname="tests.test_richless" name="test_audit_initial_position[line-plain-bash]" time="0.084" /><testcase classname="tests.test_richless" name="test_audit_initial_position[line-plain-zsh]" time="0.085" /><testcase classname="tests.test_richless" name="test_audit_initial_position[line-plain-sh]" time="0.080" /><testcase classname="tests.test_richless" name="test_audit_initial_position[line-filter-bash]" time="0.289" /><testcase classname="tests.test_richless" name="test_audit_initial_position[line-filter-zsh]" time="0.290" /><testcase classname="tests.test_richless" name="test_audit_initial_position[line-filter-sh]" time="0.233" /><testcase classname="tests.test_richless" name="test_audit_initial_position[line-wrapper-bash]" time="0.490" /><testcase classname="tests.test_richless" name="test_audit_initial_position[line-wrapper-zsh]" time="0.488" /><testcase classname="tests.test_richless" name="test_audit_initial_position[line-wrapper-sh]" time="0.489" /><testcase classname="tests.test_richless" name="test_audit_initial_position[search-plain-bash]" time="0.083" /><testcase classname="tests.test_richless" name="test_audit_initial_position[search-plain-zsh]" time="0.091" /><testcase classname="tests.test_richless" name="test_audit_initial_position[search-plain-sh]" time="0.093" /><testcase classname="tests.test_richless" name="test_audit_initial_position[search-filter-bash]" time="0.242" /><testcase classname="tests.test_richless" name="test_audit_initial_position[search-filter-zsh]" time="0.296" /><testcase classname="tests.test_richless" name="test_audit_initial_position[search-filter-sh]" time="0.235" /><testcase classname="tests.test_richless" name="test_audit_initial_position[search-wrapper-bash]" time="0.476" /><testcase classname="tests.test_richless" name="test_audit_initial_position[search-wrapper-zsh]" time="0.450" /><testcase classname="tests.test_richless" name="test_audit_initial_position[search-wrapper-sh]" time="0.451" /><testcase classname="tests.test_richless" name="test_audit_initial_position[phrase-pipe-plain-bash]" time="0.088" /><testcase classname="tests.test_richless" name="test_audit_initial_position[phrase-pipe-plain-zsh]" time="0.085" /><testcase classname="tests.test_richless" name="test_audit_initial_position[phrase-pipe-plain-sh]" time="0.083" /><testcase classname="tests.test_richless" name="test_audit_initial_position[phrase-pipe-filter-bash]" time="0.234" /><testcase classname="tests.test_richless" name="test_audit_initial_position[phrase-pipe-filter-zsh]" time="0.240" /><testcase classname="tests.test_richless" name="test_audit_initial_position[phrase-pipe-filter-sh]" time="0.241" /><testcase classname="tests.test_richless" name="test_audit_initial_position[phrase-pipe-wrapper-bash]" time="0.445" /><testcase classname="tests.test_richless" name="test_audit_initial_position[phrase-pipe-wrapper-zsh]" time="0.489" /><testcase classname="tests.test_richless" name="test_audit_initial_position[phrase-pipe-wrapper-sh]" time="0.490" /><testcase classname="tests.test_richless" name="test_follow_transport_gate[append-native]" time="0.153" /><testcase classname="tests.test_richless" name="test_follow_transport_gate[append-replacement]" time="0.150" /><testcase classname="tests.test_richless" name="test_follow_transport_gate[truncate-native]" time="1.203" /><testcase classname="tests.test_richless" name="test_follow_transport_gate[truncate-replacement]" time="1.211" /><testcase classname="tests.test_richless" name="test_follow_transport_gate[rename-descriptor-native]" time="0.154" /><testcase classname="tests.test_richless" name="test_follow_transport_gate[rename-descriptor-replacement]" time="0.173" /><testcase classname="tests.test_richless" name="test_follow_transport_gate[replace-name-native]" time="0.180" /><testcase classname="tests.test_richless" name="test_follow_transport_gate[replace-name-replacement]" time="0.159" /><testcase classname="tests.test_richless" name="test_redesign_arguments[arguments0-expected0-markdown-True]" time="0.000" /><testcase classname="tests.test_richless" name="test_redesign_arguments[arguments1-expected1-None-False]" time="0.000" /><testcase classname="tests.test_richless" name="test_redesign_arguments[arguments2-expected2-None-False]" time="0.000" /><testcase classname="tests.test_richless" name="test_redesign_arguments[arguments3-expected3-None-False]" time="0.000" /><testcase classname="tests.test_richless" name="test_redesign_arguments[arguments4-expected4-None-False]" time="0.000" /><testcase classname="tests.test_richless" name="test_redesign_arguments[arguments5-expected5-None-False]" time="0.000" /><testcase classname="tests.test_richless" name="test_redesign_arguments[arguments6-expected6-python-False]" time="0.012" /><testcase classname="tests.test_richless" name="test_redesign_arguments[arguments7-expected7-None-False]" time="0.000" /><testcase classname="tests.test_richless" name="test_redesign_rejects_format_errors_before_input[arguments0]" time="0.178" /><testcase classname="tests.test_richless" name="test_redesign_rejects_format_errors_before_input[arguments1]" time="0.177" /><testcase classname="tests.test_richless" name="test_redesign_rejects_format_errors_before_input[arguments2]" time="0.179" /><testcase classname="tests.test_richless" name="test_redesign_markdown_equivalence[False-40]" time="0.063" /><testcase classname="tests.test_richless" name="test_redesign_markdown_equivalence[False-80]" time="0.016" /><testcase classname="tests.test_richless" name="test_redesign_markdown_equivalence[True-40]" time="0.015" /><testcase classname="tests.test_richless" name="test_redesign_markdown_equivalence[True-80]" time="0.015" /><testcase classname="tests.test_richless" name="test_redesign_source_integrity[x\t= 1\r\n]" time="0.205" /><testcase classname="tests.test_richless" name="test_redesign_source_integrity[\n\nx=1]" time="0.210" /><testcase classname="tests.test_richless" name="test_redesign_source_integrity[x=&quot;caf\xc3\xa9&quot;\n]" time="0.207" /><testcase classname="tests.test_richless" name="test_redesign_source_integrity[\xff\x00BAD]" time="0.178" /><testcase classname="tests.test_richless" name="test_redesign_live_markdown_deadline" time="0.001" /><testcase classname="tests.test_richless" name="test_redesign_formatted_follow[bash]" time="1.014" /><testcase classname="tests.test_richless" name="test_redesign_formatted_follow[zsh]" time="1.017" /><testcase classname="tests.test_richless" name="test_redesign_formatted_follow[sh]" time="1.004" /><testcase classname="tests.test_richless" name="test_redesign_follow_generations[truncate]" time="1.113" /><testcase classname="tests.test_richless" name="test_redesign_follow_generations[rename-descriptor]" time="1.006" /><testcase classname="tests.test_richless" name="test_redesign_follow_generations[replace-name]" time="1.627" /><testcase classname="tests.test_richless" name="test_redesign_follow_mixed_navigation" time="2.402" /><testcase classname="tests.test_richless" name="test_redesign_follow_mixed_stdin" time="0.972" /><testcase classname="tests.test_richless" name="test_redesign_ordinary_render_does_not_follow" time="0.927" /><testcase classname="tests.test_richless" name="test_redesign_quit_active_producer_without_interrupt" time="0.575" /><testcase classname="tests.test_richless" name="test_redesign_broken_output_while_input_idle" time="0.426" /><testcase classname="tests.test_richless" name="test_redesign_follow_resource_failure[allocation]" time="0.483" /><testcase classname="tests.test_richless" name="test_redesign_follow_resource_failure[before-write]" time="0.646" /><testcase classname="tests.test_richless" name="test_redesign_follow_resource_failure[after-write]" time="1.122" /><testcase classname="tests.test_richless" name="test_redesign_live_raw_recovery[missing-parser]" time="0.001" /><testcase classname="tests.test_richless" name="test_redesign_live_raw_recovery[pending-limit]" time="0.003" /><testcase classname="tests.test_richless" name="test_redesign_live_raw_recovery[invalid-utf8]" time="0.001" /><testcase classname="tests.test_richless" name="test_redesign_follow_mixed_fifo" time="1.311" /><testcase classname="tests.test_richless" name="test_redesign_follow_signal_cleanup[15]" time="0.751" /><testcase classname="tests.test_richless" name="test_redesign_follow_signal_cleanup[1]" time="0.726" /><testcase classname="tests.test_richless" name="test_redesign_explicit_environment_color_options[options0-True]" time="0.000" /><testcase classname="tests.test_richless" name="test_redesign_explicit_environment_color_options[options1-True]" time="0.000" /><testcase classname="tests.test_richless" name="test_redesign_explicit_environment_color_options[options2-True]" time="0.000" /><testcase classname="tests.test_richless" name="test_redesign_explicit_environment_color_options[options3-True]" time="0.000" /><testcase classname="tests.test_richless" name="test_redesign_explicit_environment_color_options[options4-False]" time="0.000" /><testcase classname="tests.test_richless" name="test_redesign_explicit_environment_color_options[options5-False]" time="0.000" /><testcase classname="tests.test_richless" name="test_redesign_explicit_environment_color_options[options6-False]" time="0.000" /><testcase classname="tests.test_richless" name="test_redesign_explicit_environment_color_options[options7-False]" time="0.000" /><testcase classname="tests.test_richless" name="test_redesign_additional_performance[large-markdown]" time="0.007"><skipped type="pytest.skip" message="Set RICHLESS_AUDIT_PERFORMANCE=1 for resource measurements">/tmp/project/tests/test_richless.py:2257: Set RICHLESS_AUDIT_PERFORMANCE=1 for resource measurements</skipped></testcase><testcase classname="tests.test_richless" name="test_redesign_additional_performance[unfinished-live]" time="0.006"><skipped type="pytest.skip" message="Set RICHLESS_AUDIT_PERFORMANCE=1 for resource measurements">/tmp/project/tests/test_richless.py:2257: Set RICHLESS_AUDIT_PERFORMANCE=1 for resource measurements</skipped></testcase><testcase classname="tests.test_richless" name="test_redesign_additional_performance[follow-growth]" time="0.008"><skipped type="pytest.skip" message="Set RICHLESS_AUDIT_PERFORMANCE=1 for resource measurements">/tmp/project/tests/test_richless.py:2257: Set RICHLESS_AUDIT_PERFORMANCE=1 for resource measurements</skipped></testcase></testsuite></testsuites>