<?xml version="1.0" encoding="utf-8"?><testsuites name="pytest tests"><testsuite name="pytest" errors="0" failures="0" skipped="0" tests="3" time="1.860" timestamp="2026-09-15T11:29:08.575455-04:00" hostname="biancomac-c"><testcase classname="tests.test_richless" name="test_audit_probe[incremental]" time="0.941" /><testcase classname="tests.test_richless" name="test_audit_probe[force-filter]" time="0.632" /><testcase classname="tests.test_richless" name="test_audit_probe[empty-fallback]" time="0.200" /></testsuite></testsuites>