<?xml version="1.0" encoding="utf-8"?><testsuites name="pytest tests"><testsuite name="pytest" errors="0" failures="7" skipped="0" tests="45" time="11.148" timestamp="2026-09-15T15:25:12.458914+00:00" hostname="d609f4f5e521"><testcase classname="tests.test_richless" name="test_audit_formats[code.c-file]" time="0.251" /><testcase classname="tests.test_richless" name="test_audit_formats[code.c-pipe]" time="0.238"><failure message="AssertionError: ['Recognized code/data has syntax colors']&#10;assert False&#10; +  where False = all(&lt;generator object audit_finish.&lt;locals&gt;.&lt;genexpr&gt; at 0xffffa024fd30&gt;)">tests/test_richless.py:874: in test_audit_formats
    audit_finish(a)
tests/test_richless.py:672: in audit_finish
    assert all(c['pass'] for c in item['checks']), [c['expectation'] for c in item['checks'] if not c['pass']]
E   AssertionError: ['Recognized code/data has syntax colors']
E   assert False
E    +  where False = all(&lt;generator object audit_finish.&lt;locals&gt;.&lt;genexpr&gt; at 0xffffa024fd30&gt;)</failure></testcase><testcase classname="tests.test_richless" name="test_audit_formats[code.c-cli]" time="0.240" /><testcase classname="tests.test_richless" name="test_audit_formats[code.py-file]" time="0.259" /><testcase classname="tests.test_richless" name="test_audit_formats[code.py-pipe]" time="0.245"><failure message="AssertionError: ['Recognized code/data has syntax colors']&#10;assert False&#10; +  where False = all(&lt;generator object audit_finish.&lt;locals&gt;.&lt;genexpr&gt; at 0xffffa02958a0&gt;)">tests/test_richless.py:874: in test_audit_formats
    audit_finish(a)
tests/test_richless.py:672: in audit_finish
    assert all(c['pass'] for c in item['checks']), [c['expectation'] for c in item['checks'] if not c['pass']]
E   AssertionError: ['Recognized code/data has syntax colors']
E   assert False
E    +  where False = all(&lt;generator object audit_finish.&lt;locals&gt;.&lt;genexpr&gt; at 0xffffa02958a0&gt;)</failure></testcase><testcase classname="tests.test_richless" name="test_audit_formats[code.py-cli]" time="0.260" /><testcase classname="tests.test_richless" name="test_audit_formats[code.PY-file]" time="0.257" /><testcase classname="tests.test_richless" name="test_audit_formats[code.PY-pipe]" time="0.247"><failure message="AssertionError: ['Recognized code/data has syntax colors']&#10;assert False&#10; +  where False = all(&lt;generator object audit_finish.&lt;locals&gt;.&lt;genexpr&gt; at 0xffffa0297850&gt;)">tests/test_richless.py:874: in test_audit_formats
    audit_finish(a)
tests/test_richless.py:672: in audit_finish
    assert all(c['pass'] for c in item['checks']), [c['expectation'] for c in item['checks'] if not c['pass']]
E   AssertionError: ['Recognized code/data has syntax colors']
E   assert False
E    +  where False = all(&lt;generator object audit_finish.&lt;locals&gt;.&lt;genexpr&gt; at 0xffffa0297850&gt;)</failure></testcase><testcase classname="tests.test_richless" name="test_audit_formats[code.PY-cli]" time="0.259" /><testcase classname="tests.test_richless" name="test_audit_formats[doc.md-file]" time="0.244" /><testcase classname="tests.test_richless" name="test_audit_formats[doc.md-pipe]" time="0.242" /><testcase classname="tests.test_richless" name="test_audit_formats[doc.md-cli]" time="0.234" /><testcase classname="tests.test_richless" name="test_audit_formats[heading.md-file]" time="0.235" /><testcase classname="tests.test_richless" name="test_audit_formats[heading.md-pipe]" time="0.241"><failure message="AssertionError: ['Markdown is rendered automatically']&#10;assert False&#10; +  where False = all(&lt;generator object audit_finish.&lt;locals&gt;.&lt;genexpr&gt; at 0xffffa0295f20&gt;)">tests/test_richless.py:874: in test_audit_formats
    audit_finish(a)
tests/test_richless.py:672: in audit_finish
    assert all(c['pass'] for c in item['checks']), [c['expectation'] for c in item['checks'] if not c['pass']]
E   AssertionError: ['Markdown is rendered automatically']
E   assert False
E    +  where False = all(&lt;generator object audit_finish.&lt;locals&gt;.&lt;genexpr&gt; at 0xffffa0295f20&gt;)</failure></testcase><testcase classname="tests.test_richless" name="test_audit_formats[heading.md-cli]" time="0.233" /><testcase classname="tests.test_richless" name="test_audit_formats[list.md-file]" time="0.236" /><testcase classname="tests.test_richless" name="test_audit_formats[list.md-pipe]" time="0.241"><failure message="AssertionError: ['Markdown is rendered automatically']&#10;assert False&#10; +  where False = all(&lt;generator object audit_finish.&lt;locals&gt;.&lt;genexpr&gt; at 0xffffa06b5be0&gt;)">tests/test_richless.py:874: in test_audit_formats
    audit_finish(a)
tests/test_richless.py:672: in audit_finish
    assert all(c['pass'] for c in item['checks']), [c['expectation'] for c in item['checks'] if not c['pass']]
E   AssertionError: ['Markdown is rendered automatically']
E   assert False
E    +  where False = all(&lt;generator object audit_finish.&lt;locals&gt;.&lt;genexpr&gt; at 0xffffa06b5be0&gt;)</failure></testcase><testcase classname="tests.test_richless" name="test_audit_formats[list.md-cli]" time="0.242" /><testcase classname="tests.test_richless" name="test_audit_formats[conn.log-file]" time="0.236" /><testcase classname="tests.test_richless" name="test_audit_formats[conn.log-pipe]" time="0.238" /><testcase classname="tests.test_richless" name="test_audit_formats[conn.log-cli]" time="0.235" /><testcase classname="tests.test_richless" name="test_audit_formats[data.jsonl-file]" time="0.235" /><testcase classname="tests.test_richless" name="test_audit_formats[data.jsonl-pipe]" time="0.239" /><testcase classname="tests.test_richless" name="test_audit_formats[data.jsonl-cli]" time="0.233" /><testcase classname="tests.test_richless" name="test_audit_formats[config.yml-file]" time="0.237" /><testcase classname="tests.test_richless" name="test_audit_formats[config.yml-pipe]" time="0.245" /><testcase classname="tests.test_richless" name="test_audit_formats[config.yml-cli]" time="0.236" /><testcase classname="tests.test_richless" name="test_audit_formats[config.toml-file]" time="0.243" /><testcase classname="tests.test_richless" name="test_audit_formats[config.toml-pipe]" time="0.247" /><testcase classname="tests.test_richless" name="test_audit_formats[config.toml-cli]" time="0.238" /><testcase classname="tests.test_richless" name="test_audit_formats[README-file]" time="0.236"><failure message="AssertionError: ['Markdown is rendered automatically']&#10;assert False&#10; +  where False = all(&lt;generator object audit_finish.&lt;locals&gt;.&lt;genexpr&gt; at 0xffff9f93c450&gt;)">tests/test_richless.py:874: in test_audit_formats
    audit_finish(a)
tests/test_richless.py:672: in audit_finish
    assert all(c['pass'] for c in item['checks']), [c['expectation'] for c in item['checks'] if not c['pass']]
E   AssertionError: ['Markdown is rendered automatically']
E   assert False
E    +  where False = all(&lt;generator object audit_finish.&lt;locals&gt;.&lt;genexpr&gt; at 0xffff9f93c450&gt;)</failure></testcase><testcase classname="tests.test_richless" name="test_audit_formats[README-pipe]" time="0.238" /><testcase classname="tests.test_richless" name="test_audit_formats[README-cli]" time="0.234"><failure message="AssertionError: ['Markdown is rendered automatically']&#10;assert False&#10; +  where False = all(&lt;generator object audit_finish.&lt;locals&gt;.&lt;genexpr&gt; at 0xffffa06b7510&gt;)">tests/test_richless.py:874: in test_audit_formats
    audit_finish(a)
tests/test_richless.py:672: in audit_finish
    assert all(c['pass'] for c in item['checks']), [c['expectation'] for c in item['checks'] if not c['pass']]
E   AssertionError: ['Markdown is rendered automatically']
E   assert False
E    +  where False = all(&lt;generator object audit_finish.&lt;locals&gt;.&lt;genexpr&gt; at 0xffffa06b7510&gt;)</failure></testcase><testcase classname="tests.test_richless" name="test_audit_formats[unknown-file]" time="0.238" /><testcase classname="tests.test_richless" name="test_audit_formats[unknown-pipe]" time="0.248" /><testcase classname="tests.test_richless" name="test_audit_formats[unknown-cli]" time="0.242" /><testcase classname="tests.test_richless" name="test_audit_formats[data.xml-file]" time="0.252" /><testcase classname="tests.test_richless" name="test_audit_formats[data.xml-pipe]" time="0.243" /><testcase classname="tests.test_richless" name="test_audit_formats[data.xml-cli]" time="0.237" /><testcase classname="tests.test_richless" name="test_audit_formats[misleading.md-file]" time="0.234" /><testcase classname="tests.test_richless" name="test_audit_formats[misleading.md-pipe]" time="0.237" /><testcase classname="tests.test_richless" name="test_audit_formats[misleading.md-cli]" time="0.233" /><testcase classname="tests.test_richless" name="test_audit_formats[plain.txt-file]" time="0.235" /><testcase classname="tests.test_richless" name="test_audit_formats[plain.txt-pipe]" time="0.239" /><testcase classname="tests.test_richless" name="test_audit_formats[plain.txt-cli]" time="0.233" /></testsuite></testsuites>