<?xml version="1.0" encoding="utf-8"?><testsuites name="pytest tests"><testsuite name="pytest" errors="0" failures="77" skipped="27" tests="353" time="191.093" timestamp="2026-09-15T11:08:16.245715-04:00" hostname="biancomac-c"><testcase classname="tests.test_richless" name="test_audit_routes[file-plain-bash]" time="0.110" /><testcase classname="tests.test_richless" name="test_audit_routes[file-plain-zsh]" time="0.098" /><testcase classname="tests.test_richless" name="test_audit_routes[file-plain-sh]" time="0.100" /><testcase classname="tests.test_richless" name="test_audit_routes[file-filter-bash]" time="0.367" /><testcase classname="tests.test_richless" name="test_audit_routes[file-filter-zsh]" time="0.313" /><testcase classname="tests.test_richless" name="test_audit_routes[file-filter-sh]" time="0.316" /><testcase classname="tests.test_richless" name="test_audit_routes[file-wrapper-bash]" time="0.311" /><testcase classname="tests.test_richless" name="test_audit_routes[file-wrapper-zsh]" time="0.308" /><testcase classname="tests.test_richless" name="test_audit_routes[file-wrapper-sh]" time="0.314" /><testcase classname="tests.test_richless" name="test_audit_routes[pipe-plain-bash]" time="0.100" /><testcase classname="tests.test_richless" name="test_audit_routes[pipe-plain-zsh]" time="0.100" /><testcase classname="tests.test_richless" name="test_audit_routes[pipe-plain-sh]" time="0.092" /><testcase classname="tests.test_richless" name="test_audit_routes[pipe-filter-bash]" time="0.098" /><testcase classname="tests.test_richless" name="test_audit_routes[pipe-filter-zsh]" time="0.095" /><testcase classname="tests.test_richless" name="test_audit_routes[pipe-filter-sh]" time="0.096" /><testcase classname="tests.test_richless" name="test_audit_routes[pipe-wrapper-bash]" time="0.317" /><testcase classname="tests.test_richless" name="test_audit_routes[pipe-wrapper-zsh]" time="3.019"><failure message="AssertionError: ['Input is visible']&#10;assert False&#10; +  where False = all(&lt;generator object audit_finish.&lt;locals&gt;.&lt;genexpr&gt; at 0x109046400&gt;)">tests/test_richless.py:838: in test_audit_routes
    audit_finish(a)
tests/test_richless.py:658: in audit_finish
    assert all(c['pass'] for c in item['checks']), [c['expectation'] for c in item['checks'] if not c['pass']]
E   AssertionError: ['Input is visible']
E   assert False
E    +  where False = all(&lt;generator object audit_finish.&lt;locals&gt;.&lt;genexpr&gt; at 0x109046400&gt;)</failure></testcase><testcase classname="tests.test_richless" name="test_audit_routes[pipe-wrapper-sh]" time="0.314" /><testcase classname="tests.test_richless" name="test_audit_routes[redirect-plain-bash]" time="0.096" /><testcase classname="tests.test_richless" name="test_audit_routes[redirect-plain-zsh]" time="0.098" /><testcase classname="tests.test_richless" name="test_audit_routes[redirect-plain-sh]" time="0.097" /><testcase classname="tests.test_richless" name="test_audit_routes[redirect-filter-bash]" time="0.095" /><testcase classname="tests.test_richless" name="test_audit_routes[redirect-filter-zsh]" time="0.099" /><testcase classname="tests.test_richless" name="test_audit_routes[redirect-filter-sh]" time="0.097" /><testcase classname="tests.test_richless" name="test_audit_routes[redirect-wrapper-bash]" time="0.319" /><testcase classname="tests.test_richless" name="test_audit_routes[redirect-wrapper-zsh]" time="3.019"><failure message="AssertionError: ['Input is visible']&#10;assert False&#10; +  where False = all(&lt;generator object audit_finish.&lt;locals&gt;.&lt;genexpr&gt; at 0x109088d40&gt;)">tests/test_richless.py:838: in test_audit_routes
    audit_finish(a)
tests/test_richless.py:658: in audit_finish
    assert all(c['pass'] for c in item['checks']), [c['expectation'] for c in item['checks'] if not c['pass']]
E   AssertionError: ['Input is visible']
E   assert False
E    +  where False = all(&lt;generator object audit_finish.&lt;locals&gt;.&lt;genexpr&gt; at 0x109088d40&gt;)</failure></testcase><testcase classname="tests.test_richless" name="test_audit_routes[redirect-wrapper-sh]" time="0.313" /><testcase classname="tests.test_richless" name="test_audit_routes[dash-plain-bash]" time="0.104" /><testcase classname="tests.test_richless" name="test_audit_routes[dash-plain-zsh]" time="0.097" /><testcase classname="tests.test_richless" name="test_audit_routes[dash-plain-sh]" time="0.100" /><testcase classname="tests.test_richless" name="test_audit_routes[dash-filter-bash]" time="0.097" /><testcase classname="tests.test_richless" name="test_audit_routes[dash-filter-zsh]" time="0.097" /><testcase classname="tests.test_richless" name="test_audit_routes[dash-filter-sh]" time="0.096" /><testcase classname="tests.test_richless" name="test_audit_routes[dash-wrapper-bash]" time="0.311" /><testcase classname="tests.test_richless" name="test_audit_routes[dash-wrapper-zsh]" time="3.022"><failure message="AssertionError: ['Input is visible']&#10;assert False&#10; +  where False = all(&lt;generator object audit_finish.&lt;locals&gt;.&lt;genexpr&gt; at 0x10908b100&gt;)">tests/test_richless.py:838: in test_audit_routes
    audit_finish(a)
tests/test_richless.py:658: in audit_finish
    assert all(c['pass'] for c in item['checks']), [c['expectation'] for c in item['checks'] if not c['pass']]
E   AssertionError: ['Input is visible']
E   assert False
E    +  where False = all(&lt;generator object audit_finish.&lt;locals&gt;.&lt;genexpr&gt; at 0x10908b100&gt;)</failure></testcase><testcase classname="tests.test_richless" name="test_audit_routes[dash-wrapper-sh]" time="0.317" /><testcase classname="tests.test_richless" name="test_audit_formats[code.c-file]" time="0.306" /><testcase classname="tests.test_richless" name="test_audit_formats[code.c-pipe]" time="0.237" /><testcase classname="tests.test_richless" name="test_audit_formats[code.c-cli]" time="0.276" /><testcase classname="tests.test_richless" name="test_audit_formats[code.py-file]" time="0.469" /><testcase classname="tests.test_richless" name="test_audit_formats[code.py-pipe]" time="0.249" /><testcase classname="tests.test_richless" name="test_audit_formats[code.py-cli]" time="0.278" /><testcase classname="tests.test_richless" name="test_audit_formats[code.PY-file]" time="0.244" /><testcase classname="tests.test_richless" name="test_audit_formats[code.PY-pipe]" time="0.242" /><testcase classname="tests.test_richless" name="test_audit_formats[code.PY-cli]" time="0.238" /><testcase classname="tests.test_richless" name="test_audit_formats[doc.md-file]" time="0.226" /><testcase classname="tests.test_richless" name="test_audit_formats[doc.md-pipe]" time="0.245" /><testcase classname="tests.test_richless" name="test_audit_formats[doc.md-cli]" time="0.221" /><testcase classname="tests.test_richless" name="test_audit_formats[heading.md-file]" time="0.228" /><testcase classname="tests.test_richless" name="test_audit_formats[heading.md-pipe]" time="0.239"><failure message="AssertionError: ['Markdown is rendered automatically']&#10;assert False&#10; +  where False = all(&lt;generator object audit_finish.&lt;locals&gt;.&lt;genexpr&gt; at 0x1090a3100&gt;)">tests/test_richless.py:860: in test_audit_formats
    audit_finish(a)
tests/test_richless.py:658: in audit_finish
    assert all(c['pass'] for c in item['checks']), [c['expectation'] for c in item['checks'] if not c['pass']]
E   AssertionError: ['Markdown is rendered automatically']
E   assert False
E    +  where False = all(&lt;generator object audit_finish.&lt;locals&gt;.&lt;genexpr&gt; at 0x1090a3100&gt;)</failure></testcase><testcase classname="tests.test_richless" name="test_audit_formats[heading.md-cli]" time="0.220" /><testcase classname="tests.test_richless" name="test_audit_formats[list.md-file]" time="0.228" /><testcase classname="tests.test_richless" name="test_audit_formats[list.md-pipe]" time="0.240"><failure message="AssertionError: ['Markdown is rendered automatically']&#10;assert False&#10; +  where False = all(&lt;generator object audit_finish.&lt;locals&gt;.&lt;genexpr&gt; at 0x10908adc0&gt;)">tests/test_richless.py:860: in test_audit_formats
    audit_finish(a)
tests/test_richless.py:658: in audit_finish
    assert all(c['pass'] for c in item['checks']), [c['expectation'] for c in item['checks'] if not c['pass']]
E   AssertionError: ['Markdown is rendered automatically']
E   assert False
E    +  where False = all(&lt;generator object audit_finish.&lt;locals&gt;.&lt;genexpr&gt; at 0x10908adc0&gt;)</failure></testcase><testcase classname="tests.test_richless" name="test_audit_formats[list.md-cli]" time="0.224" /><testcase classname="tests.test_richless" name="test_audit_formats[conn.log-file]" time="0.231" /><testcase classname="tests.test_richless" name="test_audit_formats[conn.log-pipe]" time="0.233" /><testcase classname="tests.test_richless" name="test_audit_formats[conn.log-cli]" time="0.223" /><testcase classname="tests.test_richless" name="test_audit_formats[data.jsonl-file]" time="0.226" /><testcase classname="tests.test_richless" name="test_audit_formats[data.jsonl-pipe]" time="0.229" /><testcase classname="tests.test_richless" name="test_audit_formats[data.jsonl-cli]" time="0.226" /><testcase classname="tests.test_richless" name="test_audit_formats[config.yml-file]" time="0.230" /><testcase classname="tests.test_richless" name="test_audit_formats[config.yml-pipe]" time="0.240" /><testcase classname="tests.test_richless" name="test_audit_formats[config.yml-cli]" time="0.223" /><testcase classname="tests.test_richless" name="test_audit_formats[config.toml-file]" time="0.229" /><testcase classname="tests.test_richless" name="test_audit_formats[config.toml-pipe]" time="0.239" /><testcase classname="tests.test_richless" name="test_audit_formats[config.toml-cli]" time="0.220" /><testcase classname="tests.test_richless" name="test_audit_formats[README-file]" time="0.242"><failure message="AssertionError: ['Markdown is rendered automatically']&#10;assert False&#10; +  where False = all(&lt;generator object audit_finish.&lt;locals&gt;.&lt;genexpr&gt; at 0x1090a4520&gt;)">tests/test_richless.py:860: in test_audit_formats
    audit_finish(a)
tests/test_richless.py:658: in audit_finish
    assert all(c['pass'] for c in item['checks']), [c['expectation'] for c in item['checks'] if not c['pass']]
E   AssertionError: ['Markdown is rendered automatically']
E   assert False
E    +  where False = all(&lt;generator object audit_finish.&lt;locals&gt;.&lt;genexpr&gt; at 0x1090a4520&gt;)</failure></testcase><testcase classname="tests.test_richless" name="test_audit_formats[README-pipe]" time="0.247" /><testcase classname="tests.test_richless" name="test_audit_formats[README-cli]" time="0.230"><failure message="AssertionError: ['Markdown is rendered automatically']&#10;assert False&#10; +  where False = all(&lt;generator object audit_finish.&lt;locals&gt;.&lt;genexpr&gt; at 0x1090a6a80&gt;)">tests/test_richless.py:860: in test_audit_formats
    audit_finish(a)
tests/test_richless.py:658: in audit_finish
    assert all(c['pass'] for c in item['checks']), [c['expectation'] for c in item['checks'] if not c['pass']]
E   AssertionError: ['Markdown is rendered automatically']
E   assert False
E    +  where False = all(&lt;generator object audit_finish.&lt;locals&gt;.&lt;genexpr&gt; at 0x1090a6a80&gt;)</failure></testcase><testcase classname="tests.test_richless" name="test_audit_formats[unknown-file]" time="0.244" /><testcase classname="tests.test_richless" name="test_audit_formats[unknown-pipe]" time="0.240" /><testcase classname="tests.test_richless" name="test_audit_formats[unknown-cli]" time="0.224" /><testcase classname="tests.test_richless" name="test_audit_formats[data.xml-file]" time="0.230" /><testcase classname="tests.test_richless" name="test_audit_formats[data.xml-pipe]" time="0.232" /><testcase classname="tests.test_richless" name="test_audit_formats[data.xml-cli]" time="0.220" /><testcase classname="tests.test_richless" name="test_audit_formats[misleading.md-file]" time="0.222" /><testcase classname="tests.test_richless" name="test_audit_formats[misleading.md-pipe]" time="0.222" /><testcase classname="tests.test_richless" name="test_audit_formats[misleading.md-cli]" time="0.217" /><testcase classname="tests.test_richless" name="test_audit_formats[plain.txt-file]" time="0.226" /><testcase classname="tests.test_richless" name="test_audit_formats[plain.txt-pipe]" time="0.229" /><testcase classname="tests.test_richless" name="test_audit_formats[plain.txt-cli]" time="0.220" /><testcase classname="tests.test_richless" name="test_audit_mixed[glob-plain-bash]" time="0.413" /><testcase classname="tests.test_richless" name="test_audit_mixed[glob-plain-zsh]" time="0.410" /><testcase classname="tests.test_richless" name="test_audit_mixed[glob-plain-sh]" time="0.401" /><testcase classname="tests.test_richless" name="test_audit_mixed[glob-filter-bash]" time="0.879" /><testcase classname="tests.test_richless" name="test_audit_mixed[glob-filter-zsh]" time="0.891" /><testcase classname="tests.test_richless" name="test_audit_mixed[glob-filter-sh]" time="0.883" /><testcase classname="tests.test_richless" name="test_audit_mixed[glob-wrapper-bash]" time="0.873" /><testcase classname="tests.test_richless" name="test_audit_mixed[glob-wrapper-zsh]" time="0.864" /><testcase classname="tests.test_richless" name="test_audit_mixed[glob-wrapper-sh]" time="0.880" /><testcase classname="tests.test_richless" name="test_audit_mixed[reverse-plain-bash]" time="0.410" /><testcase classname="tests.test_richless" name="test_audit_mixed[reverse-plain-zsh]" time="0.402" /><testcase classname="tests.test_richless" name="test_audit_mixed[reverse-plain-sh]" time="0.405" /><testcase classname="tests.test_richless" name="test_audit_mixed[reverse-filter-bash]" time="0.830" /><testcase classname="tests.test_richless" name="test_audit_mixed[reverse-filter-zsh]" time="0.831" /><testcase classname="tests.test_richless" name="test_audit_mixed[reverse-filter-sh]" time="0.927" /><testcase classname="tests.test_richless" name="test_audit_mixed[reverse-wrapper-bash]" time="0.919" /><testcase classname="tests.test_richless" name="test_audit_mixed[reverse-wrapper-zsh]" time="0.925" /><testcase classname="tests.test_richless" name="test_audit_mixed[reverse-wrapper-sh]" time="0.876" /><testcase classname="tests.test_richless" name="test_audit_mixed[spaces-plain-bash]" time="0.417" /><testcase classname="tests.test_richless" name="test_audit_mixed[spaces-plain-zsh]" time="0.405" /><testcase classname="tests.test_richless" name="test_audit_mixed[spaces-plain-sh]" time="0.403" /><testcase classname="tests.test_richless" name="test_audit_mixed[spaces-filter-bash]" time="0.943" /><testcase classname="tests.test_richless" name="test_audit_mixed[spaces-filter-zsh]" time="0.932" /><testcase classname="tests.test_richless" name="test_audit_mixed[spaces-filter-sh]" time="0.943" /><testcase classname="tests.test_richless" name="test_audit_mixed[spaces-wrapper-bash]" time="0.940" /><testcase classname="tests.test_richless" name="test_audit_mixed[spaces-wrapper-zsh]" time="0.936" /><testcase classname="tests.test_richless" name="test_audit_mixed[spaces-wrapper-sh]" time="0.931" /><testcase classname="tests.test_richless" name="test_audit_mixed[forced-plain-bash]" time="0.412" /><testcase classname="tests.test_richless" name="test_audit_mixed[forced-plain-zsh]" time="0.396" /><testcase classname="tests.test_richless" name="test_audit_mixed[forced-plain-sh]" time="0.397" /><testcase classname="tests.test_richless" name="test_audit_mixed[forced-filter-bash]" time="0.829" /><testcase classname="tests.test_richless" name="test_audit_mixed[forced-filter-zsh]" time="0.836" /><testcase classname="tests.test_richless" name="test_audit_mixed[forced-filter-sh]" time="0.827" /><testcase classname="tests.test_richless" name="test_audit_mixed[forced-wrapper-bash]" time="11.066"><failure message="AssertionError: ['Display identity a.c', 'Visit b.py in requested navigation order', 'Display identity b.py', 'Visit c.md in requested navigation order', 'Display identity c.md', 'Visit b.py in requested navigation order', ...]&#10;assert False&#10; +  where False = all(&lt;generator object audit_finish.&lt;locals&gt;.&lt;genexpr&gt; at 0x109047030&gt;)">tests/test_richless.py:912: in test_audit_mixed
    audit_finish(a)
tests/test_richless.py:658: in audit_finish
    assert all(c['pass'] for c in item['checks']), [c['expectation'] for c in item['checks'] if not c['pass']]
E   AssertionError: ['Display identity a.c', 'Visit b.py in requested navigation order', 'Display identity b.py', 'Visit c.md in requested navigation order', 'Display identity c.md', 'Visit b.py in requested navigation order', ...]
E   assert False
E    +  where False = all(&lt;generator object audit_finish.&lt;locals&gt;.&lt;genexpr&gt; at 0x109047030&gt;)</failure></testcase><testcase classname="tests.test_richless" name="test_audit_mixed[forced-wrapper-zsh]" time="9.522"><failure message="AssertionError: ['Visit a.c in requested navigation order', 'Visit b.py in requested navigation order', 'Display identity b.py', 'Visit c.md in requested navigation order', 'Display identity c.md', 'Visit b.py in requested navigation order', ...]&#10;assert False&#10; +  where False = all(&lt;generator object audit_finish.&lt;locals&gt;.&lt;genexpr&gt; at 0x1091ffe00&gt;)">tests/test_richless.py:912: in test_audit_mixed
    audit_finish(a)
tests/test_richless.py:658: in audit_finish
    assert all(c['pass'] for c in item['checks']), [c['expectation'] for c in item['checks'] if not c['pass']]
E   AssertionError: ['Visit a.c in requested navigation order', 'Visit b.py in requested navigation order', 'Display identity b.py', 'Visit c.md in requested navigation order', 'Display identity c.md', 'Visit b.py in requested navigation order', ...]
E   assert False
E    +  where False = all(&lt;generator object audit_finish.&lt;locals&gt;.&lt;genexpr&gt; at 0x1091ffe00&gt;)</failure></testcase><testcase classname="tests.test_richless" name="test_audit_mixed[forced-wrapper-sh]" time="11.082"><failure message="AssertionError: ['Display identity a.c', 'Visit b.py in requested navigation order', 'Display identity b.py', 'Visit c.md in requested navigation order', 'Display identity c.md', 'Visit b.py in requested navigation order', ...]&#10;assert False&#10; +  where False = all(&lt;generator object audit_finish.&lt;locals&gt;.&lt;genexpr&gt; at 0x1091e8ba0&gt;)">tests/test_richless.py:912: in test_audit_mixed
    audit_finish(a)
tests/test_richless.py:658: in audit_finish
    assert all(c['pass'] for c in item['checks']), [c['expectation'] for c in item['checks'] if not c['pass']]
E   AssertionError: ['Display identity a.c', 'Visit b.py in requested navigation order', 'Display identity b.py', 'Visit c.md in requested navigation order', 'Display identity c.md', 'Visit b.py in requested navigation order', ...]
E   assert False
E    +  where False = all(&lt;generator object audit_finish.&lt;locals&gt;.&lt;genexpr&gt; at 0x1091e8ba0&gt;)</failure></testcase><testcase classname="tests.test_richless" name="test_audit_mixed[data-plain-plain-bash]" time="0.414" /><testcase classname="tests.test_richless" name="test_audit_mixed[data-plain-plain-zsh]" time="0.402" /><testcase classname="tests.test_richless" name="test_audit_mixed[data-plain-plain-sh]" time="0.402" /><testcase classname="tests.test_richless" name="test_audit_mixed[data-plain-filter-bash]" time="0.817" /><testcase classname="tests.test_richless" name="test_audit_mixed[data-plain-filter-zsh]" time="0.824" /><testcase classname="tests.test_richless" name="test_audit_mixed[data-plain-filter-sh]" time="0.825" /><testcase classname="tests.test_richless" name="test_audit_mixed[data-plain-wrapper-bash]" time="0.826" /><testcase classname="tests.test_richless" name="test_audit_mixed[data-plain-wrapper-zsh]" time="0.820" /><testcase classname="tests.test_richless" name="test_audit_mixed[data-plain-wrapper-sh]" time="0.822" /><testcase classname="tests.test_richless" name="test_audit_integrity[empty-cli]" time="0.245"><failure message="AssertionError: ['Non-Markdown text content is exact after removing color codes']&#10;assert False&#10; +  where False = all(&lt;generator object audit_finish.&lt;locals&gt;.&lt;genexpr&gt; at 0x1091ebe00&gt;)">tests/test_richless.py:940: in test_audit_integrity
    audit_finish(a)
tests/test_richless.py:658: in audit_finish
    assert all(c['pass'] for c in item['checks']), [c['expectation'] for c in item['checks'] if not c['pass']]
E   AssertionError: ['Non-Markdown text content is exact after removing color codes']
E   assert False
E    +  where False = all(&lt;generator object audit_finish.&lt;locals&gt;.&lt;genexpr&gt; at 0x1091ebe00&gt;)</failure></testcase><testcase classname="tests.test_richless" name="test_audit_integrity[empty-filter]" time="0.231"><failure message="AssertionError: ['Non-Markdown text content is exact after removing color codes']&#10;assert False&#10; +  where False = all(&lt;generator object audit_finish.&lt;locals&gt;.&lt;genexpr&gt; at 0x1091e9970&gt;)">tests/test_richless.py:940: in test_audit_integrity
    audit_finish(a)
tests/test_richless.py:658: in audit_finish
    assert all(c['pass'] for c in item['checks']), [c['expectation'] for c in item['checks'] if not c['pass']]
E   AssertionError: ['Non-Markdown text content is exact after removing color codes']
E   assert False
E    +  where False = all(&lt;generator object audit_finish.&lt;locals&gt;.&lt;genexpr&gt; at 0x1091e9970&gt;)</failure></testcase><testcase classname="tests.test_richless" name="test_audit_integrity[empty-wrapper]" time="0.240"><failure message="AssertionError: ['Non-Markdown text content is exact after removing color codes']&#10;assert False&#10; +  where False = all(&lt;generator object audit_finish.&lt;locals&gt;.&lt;genexpr&gt; at 0x1092352f0&gt;)">tests/test_richless.py:940: in test_audit_integrity
    audit_finish(a)
tests/test_richless.py:658: in audit_finish
    assert all(c['pass'] for c in item['checks']), [c['expectation'] for c in item['checks'] if not c['pass']]
E   AssertionError: ['Non-Markdown text content is exact after removing color codes']
E   assert False
E    +  where False = all(&lt;generator object audit_finish.&lt;locals&gt;.&lt;genexpr&gt; at 0x1092352f0&gt;)</failure></testcase><testcase classname="tests.test_richless" name="test_audit_integrity[no-newline-cli]" time="0.227"><failure message="AssertionError: ['Non-Markdown text content is exact after removing color codes']&#10;assert False&#10; +  where False = all(&lt;generator object audit_finish.&lt;locals&gt;.&lt;genexpr&gt; at 0x109236810&gt;)">tests/test_richless.py:940: in test_audit_integrity
    audit_finish(a)
tests/test_richless.py:658: in audit_finish
    assert all(c['pass'] for c in item['checks']), [c['expectation'] for c in item['checks'] if not c['pass']]
E   AssertionError: ['Non-Markdown text content is exact after removing color codes']
E   assert False
E    +  where False = all(&lt;generator object audit_finish.&lt;locals&gt;.&lt;genexpr&gt; at 0x109236810&gt;)</failure></testcase><testcase classname="tests.test_richless" name="test_audit_integrity[no-newline-filter]" time="0.271"><failure message="AssertionError: ['Non-Markdown text content is exact after removing color codes']&#10;assert False&#10; +  where False = all(&lt;generator object audit_finish.&lt;locals&gt;.&lt;genexpr&gt; at 0x109236190&gt;)">tests/test_richless.py:940: in test_audit_integrity
    audit_finish(a)
tests/test_richless.py:658: in audit_finish
    assert all(c['pass'] for c in item['checks']), [c['expectation'] for c in item['checks'] if not c['pass']]
E   AssertionError: ['Non-Markdown text content is exact after removing color codes']
E   assert False
E    +  where False = all(&lt;generator object audit_finish.&lt;locals&gt;.&lt;genexpr&gt; at 0x109236190&gt;)</failure></testcase><testcase classname="tests.test_richless" name="test_audit_integrity[no-newline-wrapper]" time="0.240"><failure message="AssertionError: ['Non-Markdown text content is exact after removing color codes']&#10;assert False&#10; +  where False = all(&lt;generator object audit_finish.&lt;locals&gt;.&lt;genexpr&gt; at 0x109237850&gt;)">tests/test_richless.py:940: in test_audit_integrity
    audit_finish(a)
tests/test_richless.py:658: in audit_finish
    assert all(c['pass'] for c in item['checks']), [c['expectation'] for c in item['checks'] if not c['pass']]
E   AssertionError: ['Non-Markdown text content is exact after removing color codes']
E   assert False
E    +  where False = all(&lt;generator object audit_finish.&lt;locals&gt;.&lt;genexpr&gt; at 0x109237850&gt;)</failure></testcase><testcase classname="tests.test_richless" name="test_audit_integrity[blank-lines-cli]" time="0.228"><failure message="AssertionError: ['Non-Markdown text content is exact after removing color codes']&#10;assert False&#10; +  where False = all(&lt;generator object audit_finish.&lt;locals&gt;.&lt;genexpr&gt; at 0x1091d4e10&gt;)">tests/test_richless.py:940: in test_audit_integrity
    audit_finish(a)
tests/test_richless.py:658: in audit_finish
    assert all(c['pass'] for c in item['checks']), [c['expectation'] for c in item['checks'] if not c['pass']]
E   AssertionError: ['Non-Markdown text content is exact after removing color codes']
E   assert False
E    +  where False = all(&lt;generator object audit_finish.&lt;locals&gt;.&lt;genexpr&gt; at 0x1091d4e10&gt;)</failure></testcase><testcase classname="tests.test_richless" name="test_audit_integrity[blank-lines-filter]" time="0.239"><failure message="AssertionError: ['Non-Markdown text content is exact after removing color codes']&#10;assert False&#10; +  where False = all(&lt;generator object audit_finish.&lt;locals&gt;.&lt;genexpr&gt; at 0x1091d64d0&gt;)">tests/test_richless.py:940: in test_audit_integrity
    audit_finish(a)
tests/test_richless.py:658: in audit_finish
    assert all(c['pass'] for c in item['checks']), [c['expectation'] for c in item['checks'] if not c['pass']]
E   AssertionError: ['Non-Markdown text content is exact after removing color codes']
E   assert False
E    +  where False = all(&lt;generator object audit_finish.&lt;locals&gt;.&lt;genexpr&gt; at 0x1091d64d0&gt;)</failure></testcase><testcase classname="tests.test_richless" name="test_audit_integrity[blank-lines-wrapper]" time="0.249"><failure message="AssertionError: ['Non-Markdown text content is exact after removing color codes']&#10;assert False&#10; +  where False = all(&lt;generator object audit_finish.&lt;locals&gt;.&lt;genexpr&gt; at 0x1092364d0&gt;)">tests/test_richless.py:940: in test_audit_integrity
    audit_finish(a)
tests/test_richless.py:658: in audit_finish
    assert all(c['pass'] for c in item['checks']), [c['expectation'] for c in item['checks'] if not c['pass']]
E   AssertionError: ['Non-Markdown text content is exact after removing color codes']
E   assert False
E    +  where False = all(&lt;generator object audit_finish.&lt;locals&gt;.&lt;genexpr&gt; at 0x1092364d0&gt;)</failure></testcase><testcase classname="tests.test_richless" name="test_audit_integrity[tabs-cli]" time="0.227"><failure message="AssertionError: ['Non-Markdown text content is exact after removing color codes']&#10;assert False&#10; +  where False = all(&lt;generator object audit_finish.&lt;locals&gt;.&lt;genexpr&gt; at 0x1091eadc0&gt;)">tests/test_richless.py:940: in test_audit_integrity
    audit_finish(a)
tests/test_richless.py:658: in audit_finish
    assert all(c['pass'] for c in item['checks']), [c['expectation'] for c in item['checks'] if not c['pass']]
E   AssertionError: ['Non-Markdown text content is exact after removing color codes']
E   assert False
E    +  where False = all(&lt;generator object audit_finish.&lt;locals&gt;.&lt;genexpr&gt; at 0x1091eadc0&gt;)</failure></testcase><testcase classname="tests.test_richless" name="test_audit_integrity[tabs-filter]" time="0.235"><failure message="AssertionError: ['Non-Markdown text content is exact after removing color codes']&#10;assert False&#10; +  where False = all(&lt;generator object audit_finish.&lt;locals&gt;.&lt;genexpr&gt; at 0x1091e8ba0&gt;)">tests/test_richless.py:940: in test_audit_integrity
    audit_finish(a)
tests/test_richless.py:658: in audit_finish
    assert all(c['pass'] for c in item['checks']), [c['expectation'] for c in item['checks'] if not c['pass']]
E   AssertionError: ['Non-Markdown text content is exact after removing color codes']
E   assert False
E    +  where False = all(&lt;generator object audit_finish.&lt;locals&gt;.&lt;genexpr&gt; at 0x1091e8ba0&gt;)</failure></testcase><testcase classname="tests.test_richless" name="test_audit_integrity[tabs-wrapper]" time="0.242"><failure message="AssertionError: ['Non-Markdown text content is exact after removing color codes']&#10;assert False&#10; +  where False = all(&lt;generator object audit_finish.&lt;locals&gt;.&lt;genexpr&gt; at 0x1091ff370&gt;)">tests/test_richless.py:940: in test_audit_integrity
    audit_finish(a)
tests/test_richless.py:658: in audit_finish
    assert all(c['pass'] for c in item['checks']), [c['expectation'] for c in item['checks'] if not c['pass']]
E   AssertionError: ['Non-Markdown text content is exact after removing color codes']
E   assert False
E    +  where False = all(&lt;generator object audit_finish.&lt;locals&gt;.&lt;genexpr&gt; at 0x1091ff370&gt;)</failure></testcase><testcase classname="tests.test_richless" name="test_audit_integrity[crlf-cli]" time="0.221"><failure message="AssertionError: ['Non-Markdown text content is exact after removing color codes']&#10;assert False&#10; +  where False = all(&lt;generator object audit_finish.&lt;locals&gt;.&lt;genexpr&gt; at 0x1091d7ac0&gt;)">tests/test_richless.py:940: in test_audit_integrity
    audit_finish(a)
tests/test_richless.py:658: in audit_finish
    assert all(c['pass'] for c in item['checks']), [c['expectation'] for c in item['checks'] if not c['pass']]
E   AssertionError: ['Non-Markdown text content is exact after removing color codes']
E   assert False
E    +  where False = all(&lt;generator object audit_finish.&lt;locals&gt;.&lt;genexpr&gt; at 0x1091d7ac0&gt;)</failure></testcase><testcase classname="tests.test_richless" name="test_audit_integrity[crlf-filter]" time="0.239"><failure message="AssertionError: ['Non-Markdown text content is exact after removing color codes']&#10;assert False&#10; +  where False = all(&lt;generator object audit_finish.&lt;locals&gt;.&lt;genexpr&gt; at 0x1092341e0&gt;)">tests/test_richless.py:940: in test_audit_integrity
    audit_finish(a)
tests/test_richless.py:658: in audit_finish
    assert all(c['pass'] for c in item['checks']), [c['expectation'] for c in item['checks'] if not c['pass']]
E   AssertionError: ['Non-Markdown text content is exact after removing color codes']
E   assert False
E    +  where False = all(&lt;generator object audit_finish.&lt;locals&gt;.&lt;genexpr&gt; at 0x1092341e0&gt;)</failure></testcase><testcase classname="tests.test_richless" name="test_audit_integrity[crlf-wrapper]" time="0.244"><failure message="AssertionError: ['Non-Markdown text content is exact after removing color codes']&#10;assert False&#10; +  where False = all(&lt;generator object audit_finish.&lt;locals&gt;.&lt;genexpr&gt; at 0x1091d5e50&gt;)">tests/test_richless.py:940: in test_audit_integrity
    audit_finish(a)
tests/test_richless.py:658: in audit_finish
    assert all(c['pass'] for c in item['checks']), [c['expectation'] for c in item['checks'] if not c['pass']]
E   AssertionError: ['Non-Markdown text content is exact after removing color codes']
E   assert False
E    +  where False = all(&lt;generator object audit_finish.&lt;locals&gt;.&lt;genexpr&gt; at 0x1091d5e50&gt;)</failure></testcase><testcase classname="tests.test_richless" name="test_audit_integrity[unicode-cli]" time="0.222"><failure message="AssertionError: ['Non-Markdown text content is exact after removing color codes']&#10;assert False&#10; +  where False = all(&lt;generator object audit_finish.&lt;locals&gt;.&lt;genexpr&gt; at 0x109235b10&gt;)">tests/test_richless.py:940: in test_audit_integrity
    audit_finish(a)
tests/test_richless.py:658: in audit_finish
    assert all(c['pass'] for c in item['checks']), [c['expectation'] for c in item['checks'] if not c['pass']]
E   AssertionError: ['Non-Markdown text content is exact after removing color codes']
E   assert False
E    +  where False = all(&lt;generator object audit_finish.&lt;locals&gt;.&lt;genexpr&gt; at 0x109235b10&gt;)</failure></testcase><testcase classname="tests.test_richless" name="test_audit_integrity[unicode-filter]" time="0.229"><failure message="AssertionError: ['Non-Markdown text content is exact after removing color codes']&#10;assert False&#10; +  where False = all(&lt;generator object audit_finish.&lt;locals&gt;.&lt;genexpr&gt; at 0x109235a40&gt;)">tests/test_richless.py:940: in test_audit_integrity
    audit_finish(a)
tests/test_richless.py:658: in audit_finish
    assert all(c['pass'] for c in item['checks']), [c['expectation'] for c in item['checks'] if not c['pass']]
E   AssertionError: ['Non-Markdown text content is exact after removing color codes']
E   assert False
E    +  where False = all(&lt;generator object audit_finish.&lt;locals&gt;.&lt;genexpr&gt; at 0x109235a40&gt;)</failure></testcase><testcase classname="tests.test_richless" name="test_audit_integrity[unicode-wrapper]" time="0.236"><failure message="AssertionError: ['Non-Markdown text content is exact after removing color codes']&#10;assert False&#10; +  where False = all(&lt;generator object audit_finish.&lt;locals&gt;.&lt;genexpr&gt; at 0x109288c70&gt;)">tests/test_richless.py:940: in test_audit_integrity
    audit_finish(a)
tests/test_richless.py:658: in audit_finish
    assert all(c['pass'] for c in item['checks']), [c['expectation'] for c in item['checks'] if not c['pass']]
E   AssertionError: ['Non-Markdown text content is exact after removing color codes']
E   assert False
E    +  where False = all(&lt;generator object audit_finish.&lt;locals&gt;.&lt;genexpr&gt; at 0x109288c70&gt;)</failure></testcase><testcase classname="tests.test_richless" name="test_audit_integrity[invalid-cli]" time="0.216"><failure message="AssertionError: ['Undecodable input is handled successfully']&#10;assert False&#10; +  where False = all(&lt;generator object audit_finish.&lt;locals&gt;.&lt;genexpr&gt; at 0x10928a190&gt;)">tests/test_richless.py:940: in test_audit_integrity
    audit_finish(a)
tests/test_richless.py:658: in audit_finish
    assert all(c['pass'] for c in item['checks']), [c['expectation'] for c in item['checks'] if not c['pass']]
E   AssertionError: ['Undecodable input is handled successfully']
E   assert False
E    +  where False = all(&lt;generator object audit_finish.&lt;locals&gt;.&lt;genexpr&gt; at 0x10928a190&gt;)</failure></testcase><testcase classname="tests.test_richless" name="test_audit_integrity[invalid-filter]" time="0.224" /><testcase classname="tests.test_richless" name="test_audit_integrity[invalid-wrapper]" time="0.236"><failure message="AssertionError: ['Undecodable input delegates cleanly or remains byte-exact through pager']&#10;assert False&#10; +  where False = all(&lt;generator object audit_finish.&lt;locals&gt;.&lt;genexpr&gt; at 0x10928aa80&gt;)">tests/test_richless.py:940: in test_audit_integrity
    audit_finish(a)
tests/test_richless.py:658: in audit_finish
    assert all(c['pass'] for c in item['checks']), [c['expectation'] for c in item['checks'] if not c['pass']]
E   AssertionError: ['Undecodable input delegates cleanly or remains byte-exact through pager']
E   assert False
E    +  where False = all(&lt;generator object audit_finish.&lt;locals&gt;.&lt;genexpr&gt; at 0x10928aa80&gt;)</failure></testcase><testcase classname="tests.test_richless" name="test_audit_integrity[binary-cli]" time="0.220"><failure message="AssertionError: ['Undecodable input is handled successfully']&#10;assert False&#10; +  where False = all(&lt;generator object audit_finish.&lt;locals&gt;.&lt;genexpr&gt; at 0x1091fc040&gt;)">tests/test_richless.py:940: in test_audit_integrity
    audit_finish(a)
tests/test_richless.py:658: in audit_finish
    assert all(c['pass'] for c in item['checks']), [c['expectation'] for c in item['checks'] if not c['pass']]
E   AssertionError: ['Undecodable input is handled successfully']
E   assert False
E    +  where False = all(&lt;generator object audit_finish.&lt;locals&gt;.&lt;genexpr&gt; at 0x1091fc040&gt;)</failure></testcase><testcase classname="tests.test_richless" name="test_audit_integrity[binary-filter]" time="0.223" /><testcase classname="tests.test_richless" name="test_audit_integrity[binary-wrapper]" time="0.231"><failure message="AssertionError: ['Undecodable input delegates cleanly or remains byte-exact through pager']&#10;assert False&#10; +  where False = all(&lt;generator object audit_finish.&lt;locals&gt;.&lt;genexpr&gt; at 0x1091eac20&gt;)">tests/test_richless.py:940: in test_audit_integrity
    audit_finish(a)
tests/test_richless.py:658: in audit_finish
    assert all(c['pass'] for c in item['checks']), [c['expectation'] for c in item['checks'] if not c['pass']]
E   AssertionError: ['Undecodable input delegates cleanly or remains byte-exact through pager']
E   assert False
E    +  where False = all(&lt;generator object audit_finish.&lt;locals&gt;.&lt;genexpr&gt; at 0x1091eac20&gt;)</failure></testcase><testcase classname="tests.test_richless" name="test_audit_integrity[ansi-cli]" time="0.220"><failure message="AssertionError: ['Non-Markdown text content is exact after removing color codes']&#10;assert False&#10; +  where False = all(&lt;generator object audit_finish.&lt;locals&gt;.&lt;genexpr&gt; at 0x109236400&gt;)">tests/test_richless.py:940: in test_audit_integrity
    audit_finish(a)
tests/test_richless.py:658: in audit_finish
    assert all(c['pass'] for c in item['checks']), [c['expectation'] for c in item['checks'] if not c['pass']]
E   AssertionError: ['Non-Markdown text content is exact after removing color codes']
E   assert False
E    +  where False = all(&lt;generator object audit_finish.&lt;locals&gt;.&lt;genexpr&gt; at 0x109236400&gt;)</failure></testcase><testcase classname="tests.test_richless" name="test_audit_integrity[ansi-filter]" time="0.227"><failure message="AssertionError: ['Non-Markdown text content is exact after removing color codes']&#10;assert False&#10; +  where False = all(&lt;generator object audit_finish.&lt;locals&gt;.&lt;genexpr&gt; at 0x1091d4040&gt;)">tests/test_richless.py:940: in test_audit_integrity
    audit_finish(a)
tests/test_richless.py:658: in audit_finish
    assert all(c['pass'] for c in item['checks']), [c['expectation'] for c in item['checks'] if not c['pass']]
E   AssertionError: ['Non-Markdown text content is exact after removing color codes']
E   assert False
E    +  where False = all(&lt;generator object audit_finish.&lt;locals&gt;.&lt;genexpr&gt; at 0x1091d4040&gt;)</failure></testcase><testcase classname="tests.test_richless" name="test_audit_integrity[ansi-wrapper]" time="0.234"><failure message="AssertionError: ['Non-Markdown text content is exact after removing color codes']&#10;assert False&#10; +  where False = all(&lt;generator object audit_finish.&lt;locals&gt;.&lt;genexpr&gt; at 0x109289f20&gt;)">tests/test_richless.py:940: in test_audit_integrity
    audit_finish(a)
tests/test_richless.py:658: in audit_finish
    assert all(c['pass'] for c in item['checks']), [c['expectation'] for c in item['checks'] if not c['pass']]
E   AssertionError: ['Non-Markdown text content is exact after removing color codes']
E   assert False
E    +  where False = all(&lt;generator object audit_finish.&lt;locals&gt;.&lt;genexpr&gt; at 0x109289f20&gt;)</failure></testcase><testcase classname="tests.test_richless" name="test_audit_integrity[long-cli]" time="0.216" /><testcase classname="tests.test_richless" name="test_audit_integrity[long-filter]" time="0.226" /><testcase classname="tests.test_richless" name="test_audit_integrity[long-wrapper]" time="0.234" /><testcase classname="tests.test_richless" name="test_audit_arguments[spaces-plain-bash]" time="0.099" /><testcase classname="tests.test_richless" name="test_audit_arguments[spaces-plain-zsh]" time="0.100" /><testcase classname="tests.test_richless" name="test_audit_arguments[spaces-plain-sh]" time="0.101" /><testcase classname="tests.test_richless" name="test_audit_arguments[spaces-filter-bash]" time="0.311" /><testcase classname="tests.test_richless" name="test_audit_arguments[spaces-filter-zsh]" time="0.307" /><testcase classname="tests.test_richless" name="test_audit_arguments[spaces-filter-sh]" time="0.311" /><testcase classname="tests.test_richless" name="test_audit_arguments[spaces-wrapper-bash]" time="0.311" /><testcase classname="tests.test_richless" name="test_audit_arguments[spaces-wrapper-zsh]" time="0.310" /><testcase classname="tests.test_richless" name="test_audit_arguments[spaces-wrapper-sh]" time="0.315" /><testcase classname="tests.test_richless" name="test_audit_arguments[quotes-plain-bash]" time="0.101" /><testcase classname="tests.test_richless" name="test_audit_arguments[quotes-plain-zsh]" time="0.095" /><testcase classname="tests.test_richless" name="test_audit_arguments[quotes-plain-sh]" time="0.101" /><testcase classname="tests.test_richless" name="test_audit_arguments[quotes-filter-bash]" time="0.314" /><testcase classname="tests.test_richless" name="test_audit_arguments[quotes-filter-zsh]" time="0.317" /><testcase classname="tests.test_richless" name="test_audit_arguments[quotes-filter-sh]" time="0.308" /><testcase classname="tests.test_richless" name="test_audit_arguments[quotes-wrapper-bash]" time="0.304" /><testcase classname="tests.test_richless" name="test_audit_arguments[quotes-wrapper-zsh]" time="0.310" /><testcase classname="tests.test_richless" name="test_audit_arguments[quotes-wrapper-sh]" time="0.315" /><testcase classname="tests.test_richless" name="test_audit_arguments[metacharacters-plain-bash]" time="0.102" /><testcase classname="tests.test_richless" name="test_audit_arguments[metacharacters-plain-zsh]" time="0.096" /><testcase classname="tests.test_richless" name="test_audit_arguments[metacharacters-plain-sh]" time="0.100" /><testcase classname="tests.test_richless" name="test_audit_arguments[metacharacters-filter-bash]" time="0.308" /><testcase classname="tests.test_richless" name="test_audit_arguments[metacharacters-filter-zsh]" time="0.310" /><testcase classname="tests.test_richless" name="test_audit_arguments[metacharacters-filter-sh]" time="0.313" /><testcase classname="tests.test_richless" name="test_audit_arguments[metacharacters-wrapper-bash]" time="0.309" /><testcase classname="tests.test_richless" name="test_audit_arguments[metacharacters-wrapper-zsh]" time="0.307" /><testcase classname="tests.test_richless" name="test_audit_arguments[metacharacters-wrapper-sh]" time="0.308" /><testcase classname="tests.test_richless" name="test_audit_arguments[whitespace-plain-bash]" time="0.102" /><testcase classname="tests.test_richless" name="test_audit_arguments[whitespace-plain-zsh]" time="0.102" /><testcase classname="tests.test_richless" name="test_audit_arguments[whitespace-plain-sh]" time="0.100" /><testcase classname="tests.test_richless" name="test_audit_arguments[whitespace-filter-bash]" time="0.307" /><testcase classname="tests.test_richless" name="test_audit_arguments[whitespace-filter-zsh]" time="0.313" /><testcase classname="tests.test_richless" name="test_audit_arguments[whitespace-filter-sh]" time="0.306" /><testcase classname="tests.test_richless" name="test_audit_arguments[whitespace-wrapper-bash]" time="0.310" /><testcase classname="tests.test_richless" name="test_audit_arguments[whitespace-wrapper-zsh]" time="0.313" /><testcase classname="tests.test_richless" name="test_audit_arguments[whitespace-wrapper-sh]" time="0.304" /><testcase classname="tests.test_richless" name="test_audit_arguments[leading-dash-plain-bash]" time="0.095" /><testcase classname="tests.test_richless" name="test_audit_arguments[leading-dash-plain-zsh]" time="0.097" /><testcase classname="tests.test_richless" name="test_audit_arguments[leading-dash-plain-sh]" time="0.102" /><testcase classname="tests.test_richless" name="test_audit_arguments[leading-dash-filter-bash]" time="0.308" /><testcase classname="tests.test_richless" name="test_audit_arguments[leading-dash-filter-zsh]" time="0.310" /><testcase classname="tests.test_richless" name="test_audit_arguments[leading-dash-filter-sh]" time="0.304" /><testcase classname="tests.test_richless" name="test_audit_arguments[leading-dash-wrapper-bash]" time="0.315" /><testcase classname="tests.test_richless" name="test_audit_arguments[leading-dash-wrapper-zsh]" time="0.309" /><testcase classname="tests.test_richless" name="test_audit_arguments[leading-dash-wrapper-sh]" time="0.308" /><testcase classname="tests.test_richless" name="test_audit_arguments[dash-m-plain-bash]" time="0.103" /><testcase classname="tests.test_richless" name="test_audit_arguments[dash-m-plain-zsh]" time="0.098" /><testcase classname="tests.test_richless" name="test_audit_arguments[dash-m-plain-sh]" time="0.098" /><testcase classname="tests.test_richless" name="test_audit_arguments[dash-m-filter-bash]" time="0.311" /><testcase classname="tests.test_richless" name="test_audit_arguments[dash-m-filter-zsh]" time="0.318" /><testcase classname="tests.test_richless" name="test_audit_arguments[dash-m-filter-sh]" time="0.309" /><testcase classname="tests.test_richless" name="test_audit_arguments[dash-m-wrapper-bash]" time="0.254"><failure message="AssertionError: ['Valid code filename retains syntax highlighting']&#10;assert False&#10; +  where False = all(&lt;generator object audit_finish.&lt;locals&gt;.&lt;genexpr&gt; at 0x10928a810&gt;)">tests/test_richless.py:961: in test_audit_arguments
    audit_finish(a)
tests/test_richless.py:658: in audit_finish
    assert all(c['pass'] for c in item['checks']), [c['expectation'] for c in item['checks'] if not c['pass']]
E   AssertionError: ['Valid code filename retains syntax highlighting']
E   assert False
E    +  where False = all(&lt;generator object audit_finish.&lt;locals&gt;.&lt;genexpr&gt; at 0x10928a810&gt;)</failure></testcase><testcase classname="tests.test_richless" name="test_audit_arguments[dash-m-wrapper-zsh]" time="3.022"><failure message="AssertionError: ['Filename resolves to the requested content', 'Valid code filename retains syntax highlighting']&#10;assert False&#10; +  where False = all(&lt;generator object audit_finish.&lt;locals&gt;.&lt;genexpr&gt; at 0x109289be0&gt;)">tests/test_richless.py:961: in test_audit_arguments
    audit_finish(a)
tests/test_richless.py:658: in audit_finish
    assert all(c['pass'] for c in item['checks']), [c['expectation'] for c in item['checks'] if not c['pass']]
E   AssertionError: ['Filename resolves to the requested content', 'Valid code filename retains syntax highlighting']
E   assert False
E    +  where False = all(&lt;generator object audit_finish.&lt;locals&gt;.&lt;genexpr&gt; at 0x109289be0&gt;)</failure></testcase><testcase classname="tests.test_richless" name="test_audit_arguments[dash-m-wrapper-sh]" time="0.309" /><testcase classname="tests.test_richless" name="test_audit_environment[less-options-bash]" time="0.313"><failure message="AssertionError: ['Existing LESS options still allow rendered ANSI colors']&#10;assert False&#10; +  where False = all(&lt;generator object audit_finish.&lt;locals&gt;.&lt;genexpr&gt; at 0x10921b100&gt;)">tests/test_richless.py:996: in test_audit_environment
    audit_finish(a)
tests/test_richless.py:658: in audit_finish
    assert all(c['pass'] for c in item['checks']), [c['expectation'] for c in item['checks'] if not c['pass']]
E   AssertionError: ['Existing LESS options still allow rendered ANSI colors']
E   assert False
E    +  where False = all(&lt;generator object audit_finish.&lt;locals&gt;.&lt;genexpr&gt; at 0x10921b100&gt;)</failure></testcase><testcase classname="tests.test_richless" name="test_audit_environment[less-options-zsh]" time="0.305"><failure message="AssertionError: ['Existing LESS options still allow rendered ANSI colors']&#10;assert False&#10; +  where False = all(&lt;generator object audit_finish.&lt;locals&gt;.&lt;genexpr&gt; at 0x109219700&gt;)">tests/test_richless.py:996: in test_audit_environment
    audit_finish(a)
tests/test_richless.py:658: in audit_finish
    assert all(c['pass'] for c in item['checks']), [c['expectation'] for c in item['checks'] if not c['pass']]
E   AssertionError: ['Existing LESS options still allow rendered ANSI colors']
E   assert False
E    +  where False = all(&lt;generator object audit_finish.&lt;locals&gt;.&lt;genexpr&gt; at 0x109219700&gt;)</failure></testcase><testcase classname="tests.test_richless" name="test_audit_environment[less-options-sh]" time="0.310"><failure message="AssertionError: ['Existing LESS options still allow rendered ANSI colors']&#10;assert False&#10; +  where False = all(&lt;generator object audit_finish.&lt;locals&gt;.&lt;genexpr&gt; at 0x10921be00&gt;)">tests/test_richless.py:996: in test_audit_environment
    audit_finish(a)
tests/test_richless.py:658: in audit_finish
    assert all(c['pass'] for c in item['checks']), [c['expectation'] for c in item['checks'] if not c['pass']]
E   AssertionError: ['Existing LESS options still allow rendered ANSI colors']
E   assert False
E    +  where False = all(&lt;generator object audit_finish.&lt;locals&gt;.&lt;genexpr&gt; at 0x10921be00&gt;)</failure></testcase><testcase classname="tests.test_richless" name="test_audit_environment[lessopen-bash]" time="0.318" /><testcase classname="tests.test_richless" name="test_audit_environment[lessopen-zsh]" time="0.313" /><testcase classname="tests.test_richless" name="test_audit_environment[lessopen-sh]" time="0.313" /><testcase classname="tests.test_richless" name="test_audit_environment[twice-bash]" time="0.318" /><testcase classname="tests.test_richless" name="test_audit_environment[twice-zsh]" time="0.309" /><testcase classname="tests.test_richless" name="test_audit_environment[twice-sh]" time="0.307" /><testcase classname="tests.test_richless" name="test_audit_environment[pipe-search-bash]" time="0.320" /><testcase classname="tests.test_richless" name="test_audit_environment[pipe-search-zsh]" time="0.261" /><testcase classname="tests.test_richless" name="test_audit_environment[pipe-search-sh]" time="0.258" /><testcase classname="tests.test_richless" name="test_audit_environment[redirected-file-bash]" time="0.237" /><testcase classname="tests.test_richless" name="test_audit_environment[redirected-file-zsh]" time="3.020"><failure message="AssertionError: ['Settings/failure do not make valid content inaccessible']&#10;assert False&#10; +  where False = all(&lt;generator object audit_finish.&lt;locals&gt;.&lt;genexpr&gt; at 0x109249b10&gt;)">tests/test_richless.py:996: in test_audit_environment
    audit_finish(a)
tests/test_richless.py:658: in audit_finish
    assert all(c['pass'] for c in item['checks']), [c['expectation'] for c in item['checks'] if not c['pass']]
E   AssertionError: ['Settings/failure do not make valid content inaccessible']
E   assert False
E    +  where False = all(&lt;generator object audit_finish.&lt;locals&gt;.&lt;genexpr&gt; at 0x109249b10&gt;)</failure></testcase><testcase classname="tests.test_richless" name="test_audit_environment[redirected-file-sh]" time="0.262" /><testcase classname="tests.test_richless" name="test_audit_environment[temp-failure-bash]" time="3.021"><failure message="AssertionError: ['Settings/failure do not make valid content inaccessible']&#10;assert False&#10; +  where False = all(&lt;generator object audit_finish.&lt;locals&gt;.&lt;genexpr&gt; at 0x10924b100&gt;)">tests/test_richless.py:996: in test_audit_environment
    audit_finish(a)
tests/test_richless.py:658: in audit_finish
    assert all(c['pass'] for c in item['checks']), [c['expectation'] for c in item['checks'] if not c['pass']]
E   AssertionError: ['Settings/failure do not make valid content inaccessible']
E   assert False
E    +  where False = all(&lt;generator object audit_finish.&lt;locals&gt;.&lt;genexpr&gt; at 0x10924b100&gt;)</failure></testcase><testcase classname="tests.test_richless" name="test_audit_environment[temp-failure-zsh]" time="3.023"><failure message="AssertionError: ['Settings/failure do not make valid content inaccessible']&#10;assert False&#10; +  where False = all(&lt;generator object audit_finish.&lt;locals&gt;.&lt;genexpr&gt; at 0x10924bb90&gt;)">tests/test_richless.py:996: in test_audit_environment
    audit_finish(a)
tests/test_richless.py:658: in audit_finish
    assert all(c['pass'] for c in item['checks']), [c['expectation'] for c in item['checks'] if not c['pass']]
E   AssertionError: ['Settings/failure do not make valid content inaccessible']
E   assert False
E    +  where False = all(&lt;generator object audit_finish.&lt;locals&gt;.&lt;genexpr&gt; at 0x10924bb90&gt;)</failure></testcase><testcase classname="tests.test_richless" name="test_audit_environment[temp-failure-sh]" time="3.022"><failure message="AssertionError: ['Settings/failure do not make valid content inaccessible']&#10;assert False&#10; +  where False = all(&lt;generator object audit_finish.&lt;locals&gt;.&lt;genexpr&gt; at 0x10924ac20&gt;)">tests/test_richless.py:996: in test_audit_environment
    audit_finish(a)
tests/test_richless.py:658: in audit_finish
    assert all(c['pass'] for c in item['checks']), [c['expectation'] for c in item['checks'] if not c['pass']]
E   AssertionError: ['Settings/failure do not make valid content inaccessible']
E   assert False
E    +  where False = all(&lt;generator object audit_finish.&lt;locals&gt;.&lt;genexpr&gt; at 0x10924ac20&gt;)</failure></testcase><testcase classname="tests.test_richless" name="test_audit_environment[missing-bash]" time="0.260" /><testcase classname="tests.test_richless" name="test_audit_environment[missing-zsh]" time="0.230" /><testcase classname="tests.test_richless" name="test_audit_environment[missing-sh]" time="0.240" /><testcase classname="tests.test_richless" name="test_audit_stream[plain-bash]" time="0.196" /><testcase classname="tests.test_richless" name="test_audit_stream[plain-zsh]" time="0.202" /><testcase classname="tests.test_richless" name="test_audit_stream[plain-sh]" time="0.197" /><testcase classname="tests.test_richless" name="test_audit_stream[filter-bash]" time="0.205" /><testcase classname="tests.test_richless" name="test_audit_stream[filter-zsh]" time="0.197" /><testcase classname="tests.test_richless" name="test_audit_stream[filter-sh]" time="0.201" /><testcase classname="tests.test_richless" name="test_audit_stream[wrapper-bash]" time="1.545"><failure message="AssertionError: ['First screen visible while producer remains open']&#10;assert False&#10; +  where False = all(&lt;generator object audit_finish.&lt;locals&gt;.&lt;genexpr&gt; at 0x109218fb0&gt;)">tests/test_richless.py:1019: in test_audit_stream
    audit_finish(a)
tests/test_richless.py:658: in audit_finish
    assert all(c['pass'] for c in item['checks']), [c['expectation'] for c in item['checks'] if not c['pass']]
E   AssertionError: ['First screen visible while producer remains open']
E   assert False
E    +  where False = all(&lt;generator object audit_finish.&lt;locals&gt;.&lt;genexpr&gt; at 0x109218fb0&gt;)</failure></testcase><testcase classname="tests.test_richless" name="test_audit_stream[wrapper-zsh]" time="1.549"><failure message="AssertionError: ['First screen visible while producer remains open']&#10;assert False&#10; +  where False = all(&lt;generator object audit_finish.&lt;locals&gt;.&lt;genexpr&gt; at 0x109289be0&gt;)">tests/test_richless.py:1019: in test_audit_stream
    audit_finish(a)
tests/test_richless.py:658: in audit_finish
    assert all(c['pass'] for c in item['checks']), [c['expectation'] for c in item['checks'] if not c['pass']]
E   AssertionError: ['First screen visible while producer remains open']
E   assert False
E    +  where False = all(&lt;generator object audit_finish.&lt;locals&gt;.&lt;genexpr&gt; at 0x109289be0&gt;)</failure></testcase><testcase classname="tests.test_richless" name="test_audit_stream[wrapper-sh]" time="1.548"><failure message="AssertionError: ['First screen visible while producer remains open']&#10;assert False&#10; +  where False = all(&lt;generator object audit_finish.&lt;locals&gt;.&lt;genexpr&gt; at 0x10921b850&gt;)">tests/test_richless.py:1019: in test_audit_stream
    audit_finish(a)
tests/test_richless.py:658: in audit_finish
    assert all(c['pass'] for c in item['checks']), [c['expectation'] for c in item['checks'] if not c['pass']]
E   AssertionError: ['First screen visible while producer remains open']
E   assert False
E    +  where False = all(&lt;generator object audit_finish.&lt;locals&gt;.&lt;genexpr&gt; at 0x10921b850&gt;)</failure></testcase><testcase classname="tests.test_richless" name="test_audit_follow_file[plain-bash]" time="0.190" /><testcase classname="tests.test_richless" name="test_audit_follow_file[plain-zsh]" time="0.203" /><testcase classname="tests.test_richless" name="test_audit_follow_file[plain-sh]" time="0.251" /><testcase classname="tests.test_richless" name="test_audit_follow_file[filter-bash]" time="2.360"><failure message="AssertionError: ['Appended file data becomes visible in follow mode']&#10;assert False&#10; +  where False = all(&lt;generator object audit_finish.&lt;locals&gt;.&lt;genexpr&gt; at 0x109268ee0&gt;)">tests/test_richless.py:1038: in test_audit_follow_file
    audit_finish(a)
tests/test_richless.py:658: in audit_finish
    assert all(c['pass'] for c in item['checks']), [c['expectation'] for c in item['checks'] if not c['pass']]
E   AssertionError: ['Appended file data becomes visible in follow mode']
E   assert False
E    +  where False = all(&lt;generator object audit_finish.&lt;locals&gt;.&lt;genexpr&gt; at 0x109268ee0&gt;)</failure></testcase><testcase classname="tests.test_richless" name="test_audit_follow_file[filter-zsh]" time="2.366"><failure message="AssertionError: ['Appended file data becomes visible in follow mode']&#10;assert False&#10; +  where False = all(&lt;generator object audit_finish.&lt;locals&gt;.&lt;genexpr&gt; at 0x10926a260&gt;)">tests/test_richless.py:1038: in test_audit_follow_file
    audit_finish(a)
tests/test_richless.py:658: in audit_finish
    assert all(c['pass'] for c in item['checks']), [c['expectation'] for c in item['checks'] if not c['pass']]
E   AssertionError: ['Appended file data becomes visible in follow mode']
E   assert False
E    +  where False = all(&lt;generator object audit_finish.&lt;locals&gt;.&lt;genexpr&gt; at 0x10926a260&gt;)</failure></testcase><testcase classname="tests.test_richless" name="test_audit_follow_file[filter-sh]" time="2.358"><failure message="AssertionError: ['Appended file data becomes visible in follow mode']&#10;assert False&#10; +  where False = all(&lt;generator object audit_finish.&lt;locals&gt;.&lt;genexpr&gt; at 0x10926aa80&gt;)">tests/test_richless.py:1038: in test_audit_follow_file
    audit_finish(a)
tests/test_richless.py:658: in audit_finish
    assert all(c['pass'] for c in item['checks']), [c['expectation'] for c in item['checks'] if not c['pass']]
E   AssertionError: ['Appended file data becomes visible in follow mode']
E   assert False
E    +  where False = all(&lt;generator object audit_finish.&lt;locals&gt;.&lt;genexpr&gt; at 0x10926aa80&gt;)</failure></testcase><testcase classname="tests.test_richless" name="test_audit_follow_file[wrapper-bash]" time="2.356"><failure message="AssertionError: ['Appended file data becomes visible in follow mode']&#10;assert False&#10; +  where False = all(&lt;generator object audit_finish.&lt;locals&gt;.&lt;genexpr&gt; at 0x1092697d0&gt;)">tests/test_richless.py:1038: in test_audit_follow_file
    audit_finish(a)
tests/test_richless.py:658: in audit_finish
    assert all(c['pass'] for c in item['checks']), [c['expectation'] for c in item['checks'] if not c['pass']]
E   AssertionError: ['Appended file data becomes visible in follow mode']
E   assert False
E    +  where False = all(&lt;generator object audit_finish.&lt;locals&gt;.&lt;genexpr&gt; at 0x1092697d0&gt;)</failure></testcase><testcase classname="tests.test_richless" name="test_audit_follow_file[wrapper-zsh]" time="2.355"><failure message="AssertionError: ['Appended file data becomes visible in follow mode']&#10;assert False&#10; +  where False = all(&lt;generator object audit_finish.&lt;locals&gt;.&lt;genexpr&gt; at 0x10928ae90&gt;)">tests/test_richless.py:1038: in test_audit_follow_file
    audit_finish(a)
tests/test_richless.py:658: in audit_finish
    assert all(c['pass'] for c in item['checks']), [c['expectation'] for c in item['checks'] if not c['pass']]
E   AssertionError: ['Appended file data becomes visible in follow mode']
E   assert False
E    +  where False = all(&lt;generator object audit_finish.&lt;locals&gt;.&lt;genexpr&gt; at 0x10928ae90&gt;)</failure></testcase><testcase classname="tests.test_richless" name="test_audit_follow_file[wrapper-sh]" time="2.357"><failure message="AssertionError: ['Appended file data becomes visible in follow mode']&#10;assert False&#10; +  where False = all(&lt;generator object audit_finish.&lt;locals&gt;.&lt;genexpr&gt; at 0x109299630&gt;)">tests/test_richless.py:1038: in test_audit_follow_file
    audit_finish(a)
tests/test_richless.py:658: in audit_finish
    assert all(c['pass'] for c in item['checks']), [c['expectation'] for c in item['checks'] if not c['pass']]
E   AssertionError: ['Appended file data becomes visible in follow mode']
E   assert False
E    +  where False = all(&lt;generator object audit_finish.&lt;locals&gt;.&lt;genexpr&gt; at 0x109299630&gt;)</failure></testcase><testcase classname="tests.test_richless" name="test_audit_interaction[plain-bash]" time="0.723" /><testcase classname="tests.test_richless" name="test_audit_interaction[plain-zsh]" time="0.719" /><testcase classname="tests.test_richless" name="test_audit_interaction[plain-sh]" time="0.711" /><testcase classname="tests.test_richless" name="test_audit_interaction[filter-bash]" time="0.866" /><testcase classname="tests.test_richless" name="test_audit_interaction[filter-zsh]" time="0.937" /><testcase classname="tests.test_richless" name="test_audit_interaction[filter-sh]" time="0.931" /><testcase classname="tests.test_richless" name="test_audit_interaction[wrapper-bash]" time="0.941" /><testcase classname="tests.test_richless" name="test_audit_interaction[wrapper-zsh]" time="0.868" /><testcase classname="tests.test_richless" name="test_audit_interaction[wrapper-sh]" time="0.926" /><testcase classname="tests.test_richless" name="test_audit_mixed_obstacle[empty-plain]" time="0.354" /><testcase classname="tests.test_richless" name="test_audit_mixed_obstacle[empty-filter]" time="0.831" /><testcase classname="tests.test_richless" name="test_audit_mixed_obstacle[empty-wrapper]" time="0.938" /><testcase classname="tests.test_richless" name="test_audit_mixed_obstacle[binary-plain]" time="0.412" /><testcase classname="tests.test_richless" name="test_audit_mixed_obstacle[binary-filter]" time="0.778" /><testcase classname="tests.test_richless" name="test_audit_mixed_obstacle[binary-wrapper]" time="0.819" /><testcase classname="tests.test_richless" name="test_audit_mixed_obstacle[unreadable-plain]" time="0.277" /><testcase classname="tests.test_richless" name="test_audit_mixed_obstacle[unreadable-filter]" time="0.706" /><testcase classname="tests.test_richless" name="test_audit_mixed_obstacle[unreadable-wrapper]" time="0.700" /><testcase classname="tests.test_richless" name="test_audit_fifo[plain-bash]" time="0.120" /><testcase classname="tests.test_richless" name="test_audit_fifo[plain-zsh]" time="0.125" /><testcase classname="tests.test_richless" name="test_audit_fifo[plain-sh]" time="0.124" /><testcase classname="tests.test_richless" name="test_audit_fifo[filter-bash]" time="1.851"><failure message="AssertionError: ['FIFO content visible before writer closes']&#10;assert False&#10; +  where False = all(&lt;generator object audit_finish.&lt;locals&gt;.&lt;genexpr&gt; at 0x10926b370&gt;)">tests/test_richless.py:1140: in test_audit_fifo
    audit_finish(a)
tests/test_richless.py:658: in audit_finish
    assert all(c['pass'] for c in item['checks']), [c['expectation'] for c in item['checks'] if not c['pass']]
E   AssertionError: ['FIFO content visible before writer closes']
E   assert False
E    +  where False = all(&lt;generator object audit_finish.&lt;locals&gt;.&lt;genexpr&gt; at 0x10926b370&gt;)</failure></testcase><testcase classname="tests.test_richless" name="test_audit_fifo[filter-zsh]" time="1.764"><failure message="AssertionError: ['FIFO content visible before writer closes']&#10;assert False&#10; +  where False = all(&lt;generator object audit_finish.&lt;locals&gt;.&lt;genexpr&gt; at 0x109218790&gt;)">tests/test_richless.py:1140: in test_audit_fifo
    audit_finish(a)
tests/test_richless.py:658: in audit_finish
    assert all(c['pass'] for c in item['checks']), [c['expectation'] for c in item['checks'] if not c['pass']]
E   AssertionError: ['FIFO content visible before writer closes']
E   assert False
E    +  where False = all(&lt;generator object audit_finish.&lt;locals&gt;.&lt;genexpr&gt; at 0x109218790&gt;)</failure></testcase><testcase classname="tests.test_richless" name="test_audit_fifo[filter-sh]" time="1.778"><failure message="AssertionError: ['FIFO content visible before writer closes']&#10;assert False&#10; +  where False = all(&lt;generator object audit_finish.&lt;locals&gt;.&lt;genexpr&gt; at 0x10924aa80&gt;)">tests/test_richless.py:1140: in test_audit_fifo
    audit_finish(a)
tests/test_richless.py:658: in audit_finish
    assert all(c['pass'] for c in item['checks']), [c['expectation'] for c in item['checks'] if not c['pass']]
E   AssertionError: ['FIFO content visible before writer closes']
E   assert False
E    +  where False = all(&lt;generator object audit_finish.&lt;locals&gt;.&lt;genexpr&gt; at 0x10924aa80&gt;)</failure></testcase><testcase classname="tests.test_richless" name="test_audit_fifo[wrapper-bash]" time="1.778"><failure message="AssertionError: ['FIFO content visible before writer closes']&#10;assert False&#10; +  where False = all(&lt;generator object audit_finish.&lt;locals&gt;.&lt;genexpr&gt; at 0x109249490&gt;)">tests/test_richless.py:1140: in test_audit_fifo
    audit_finish(a)
tests/test_richless.py:658: in audit_finish
    assert all(c['pass'] for c in item['checks']), [c['expectation'] for c in item['checks'] if not c['pass']]
E   AssertionError: ['FIFO content visible before writer closes']
E   assert False
E    +  where False = all(&lt;generator object audit_finish.&lt;locals&gt;.&lt;genexpr&gt; at 0x109249490&gt;)</failure></testcase><testcase classname="tests.test_richless" name="test_audit_fifo[wrapper-zsh]" time="1.865"><failure message="AssertionError: ['FIFO content visible before writer closes']&#10;assert False&#10; +  where False = all(&lt;generator object audit_finish.&lt;locals&gt;.&lt;genexpr&gt; at 0x109298450&gt;)">tests/test_richless.py:1140: in test_audit_fifo
    audit_finish(a)
tests/test_richless.py:658: in audit_finish
    assert all(c['pass'] for c in item['checks']), [c['expectation'] for c in item['checks'] if not c['pass']]
E   AssertionError: ['FIFO content visible before writer closes']
E   assert False
E    +  where False = all(&lt;generator object audit_finish.&lt;locals&gt;.&lt;genexpr&gt; at 0x109298450&gt;)</failure></testcase><testcase classname="tests.test_richless" name="test_audit_fifo[wrapper-sh]" time="1.822"><failure message="AssertionError: ['FIFO content visible before writer closes']&#10;assert False&#10; +  where False = all(&lt;generator object audit_finish.&lt;locals&gt;.&lt;genexpr&gt; at 0x109298e10&gt;)">tests/test_richless.py:1140: in test_audit_fifo
    audit_finish(a)
tests/test_richless.py:658: in audit_finish
    assert all(c['pass'] for c in item['checks']), [c['expectation'] for c in item['checks'] if not c['pass']]
E   AssertionError: ['FIFO content visible before writer closes']
E   assert False
E    +  where False = all(&lt;generator object audit_finish.&lt;locals&gt;.&lt;genexpr&gt; at 0x109298e10&gt;)</failure></testcase><testcase classname="tests.test_richless" name="test_audit_failures[normal-bash]" time="0.260" /><testcase classname="tests.test_richless" name="test_audit_failures[normal-zsh]" time="0.239"><failure message="AssertionError: ['Raw content remains available despite failure']&#10;assert False&#10; +  where False = all(&lt;generator object audit_finish.&lt;locals&gt;.&lt;genexpr&gt; at 0x109299f20&gt;)">tests/test_richless.py:1183: in test_audit_failures
    audit_finish(a)
tests/test_richless.py:658: in audit_finish
    assert all(c['pass'] for c in item['checks']), [c['expectation'] for c in item['checks'] if not c['pass']]
E   AssertionError: ['Raw content remains available despite failure']
E   assert False
E    +  where False = all(&lt;generator object audit_finish.&lt;locals&gt;.&lt;genexpr&gt; at 0x109299f20&gt;)</failure></testcase><testcase classname="tests.test_richless" name="test_audit_failures[normal-sh]" time="0.242" /><testcase classname="tests.test_richless" name="test_audit_failures[interrupt-copy-bash]" time="0.067"><failure message="AssertionError: ['Interrupted wrapper cleans its temporary file']&#10;assert False&#10; +  where False = all(&lt;generator object audit_finish.&lt;locals&gt;.&lt;genexpr&gt; at 0x10929cba0&gt;)">tests/test_richless.py:1183: in test_audit_failures
    audit_finish(a)
tests/test_richless.py:658: in audit_finish
    assert all(c['pass'] for c in item['checks']), [c['expectation'] for c in item['checks'] if not c['pass']]
E   AssertionError: ['Interrupted wrapper cleans its temporary file']
E   assert False
E    +  where False = all(&lt;generator object audit_finish.&lt;locals&gt;.&lt;genexpr&gt; at 0x10929cba0&gt;)</failure></testcase><testcase classname="tests.test_richless" name="test_audit_failures[interrupt-copy-zsh]" time="0.074"><failure message="AssertionError: ['Interrupted wrapper cleans its temporary file']&#10;assert False&#10; +  where False = all(&lt;generator object audit_finish.&lt;locals&gt;.&lt;genexpr&gt; at 0x10929d630&gt;)">tests/test_richless.py:1183: in test_audit_failures
    audit_finish(a)
tests/test_richless.py:658: in audit_finish
    assert all(c['pass'] for c in item['checks']), [c['expectation'] for c in item['checks'] if not c['pass']]
E   AssertionError: ['Interrupted wrapper cleans its temporary file']
E   assert False
E    +  where False = all(&lt;generator object audit_finish.&lt;locals&gt;.&lt;genexpr&gt; at 0x10929d630&gt;)</failure></testcase><testcase classname="tests.test_richless" name="test_audit_failures[interrupt-copy-sh]" time="0.074"><failure message="AssertionError: ['Interrupted wrapper cleans its temporary file']&#10;assert False&#10; +  where False = all(&lt;generator object audit_finish.&lt;locals&gt;.&lt;genexpr&gt; at 0x10929d7d0&gt;)">tests/test_richless.py:1183: in test_audit_failures
    audit_finish(a)
tests/test_richless.py:658: in audit_finish
    assert all(c['pass'] for c in item['checks']), [c['expectation'] for c in item['checks'] if not c['pass']]
E   AssertionError: ['Interrupted wrapper cleans its temporary file']
E   assert False
E    +  where False = all(&lt;generator object audit_finish.&lt;locals&gt;.&lt;genexpr&gt; at 0x10929d7d0&gt;)</failure></testcase><testcase classname="tests.test_richless" name="test_audit_failures[terminate-copy-bash]" time="0.044"><failure message="AssertionError: ['Interrupted wrapper cleans its temporary file']&#10;assert False&#10; +  where False = all(&lt;generator object audit_finish.&lt;locals&gt;.&lt;genexpr&gt; at 0x10929fd30&gt;)">tests/test_richless.py:1183: in test_audit_failures
    audit_finish(a)
tests/test_richless.py:658: in audit_finish
    assert all(c['pass'] for c in item['checks']), [c['expectation'] for c in item['checks'] if not c['pass']]
E   AssertionError: ['Interrupted wrapper cleans its temporary file']
E   assert False
E    +  where False = all(&lt;generator object audit_finish.&lt;locals&gt;.&lt;genexpr&gt; at 0x10929fd30&gt;)</failure></testcase><testcase classname="tests.test_richless" name="test_audit_failures[terminate-copy-zsh]" time="0.042"><failure message="AssertionError: ['Interrupted wrapper cleans its temporary file']&#10;assert False&#10; +  where False = all(&lt;generator object audit_finish.&lt;locals&gt;.&lt;genexpr&gt; at 0x109298790&gt;)">tests/test_richless.py:1183: in test_audit_failures
    audit_finish(a)
tests/test_richless.py:658: in audit_finish
    assert all(c['pass'] for c in item['checks']), [c['expectation'] for c in item['checks'] if not c['pass']]
E   AssertionError: ['Interrupted wrapper cleans its temporary file']
E   assert False
E    +  where False = all(&lt;generator object audit_finish.&lt;locals&gt;.&lt;genexpr&gt; at 0x109298790&gt;)</failure></testcase><testcase classname="tests.test_richless" name="test_audit_failures[terminate-copy-sh]" time="0.045"><failure message="AssertionError: ['Interrupted wrapper cleans its temporary file']&#10;assert False&#10; +  where False = all(&lt;generator object audit_finish.&lt;locals&gt;.&lt;genexpr&gt; at 0x10928aa80&gt;)">tests/test_richless.py:1183: in test_audit_failures
    audit_finish(a)
tests/test_richless.py:658: in audit_finish
    assert all(c['pass'] for c in item['checks']), [c['expectation'] for c in item['checks'] if not c['pass']]
E   AssertionError: ['Interrupted wrapper cleans its temporary file']
E   assert False
E    +  where False = all(&lt;generator object audit_finish.&lt;locals&gt;.&lt;genexpr&gt; at 0x10928aa80&gt;)</failure></testcase><testcase classname="tests.test_richless" name="test_audit_failures[producer-fails-bash]" time="0.243" /><testcase classname="tests.test_richless" name="test_audit_failures[producer-fails-zsh]" time="0.234"><failure message="AssertionError: ['Raw content remains available despite failure']&#10;assert False&#10; +  where False = all(&lt;generator object audit_finish.&lt;locals&gt;.&lt;genexpr&gt; at 0x10924b510&gt;)">tests/test_richless.py:1183: in test_audit_failures
    audit_finish(a)
tests/test_richless.py:658: in audit_finish
    assert all(c['pass'] for c in item['checks']), [c['expectation'] for c in item['checks'] if not c['pass']]
E   AssertionError: ['Raw content remains available despite failure']
E   assert False
E    +  where False = all(&lt;generator object audit_finish.&lt;locals&gt;.&lt;genexpr&gt; at 0x10924b510&gt;)</failure></testcase><testcase classname="tests.test_richless" name="test_audit_failures[producer-fails-sh]" time="0.240" /><testcase classname="tests.test_richless" name="test_audit_failures[missing-renderer-bash]" time="0.026" /><testcase classname="tests.test_richless" name="test_audit_failures[missing-renderer-zsh]" time="0.027" /><testcase classname="tests.test_richless" name="test_audit_failures[missing-renderer-sh]" time="0.027" /><testcase classname="tests.test_richless" name="test_audit_failures[render-before-bash]" time="0.172"><failure message="AssertionError: ['Raw content remains available despite failure', 'Unrecovered rendering error is not reported as success']&#10;assert False&#10; +  where False = all(&lt;generator object audit_finish.&lt;locals&gt;.&lt;genexpr&gt; at 0x10929f5e0&gt;)">tests/test_richless.py:1183: in test_audit_failures
    audit_finish(a)
tests/test_richless.py:658: in audit_finish
    assert all(c['pass'] for c in item['checks']), [c['expectation'] for c in item['checks'] if not c['pass']]
E   AssertionError: ['Raw content remains available despite failure', 'Unrecovered rendering error is not reported as success']
E   assert False
E    +  where False = all(&lt;generator object audit_finish.&lt;locals&gt;.&lt;genexpr&gt; at 0x10929f5e0&gt;)</failure></testcase><testcase classname="tests.test_richless" name="test_audit_failures[render-before-zsh]" time="0.152"><failure message="AssertionError: ['Raw content remains available despite failure', 'Unrecovered rendering error is not reported as success']&#10;assert False&#10; +  where False = all(&lt;generator object audit_finish.&lt;locals&gt;.&lt;genexpr&gt; at 0x109299b10&gt;)">tests/test_richless.py:1183: in test_audit_failures
    audit_finish(a)
tests/test_richless.py:658: in audit_finish
    assert all(c['pass'] for c in item['checks']), [c['expectation'] for c in item['checks'] if not c['pass']]
E   AssertionError: ['Raw content remains available despite failure', 'Unrecovered rendering error is not reported as success']
E   assert False
E    +  where False = all(&lt;generator object audit_finish.&lt;locals&gt;.&lt;genexpr&gt; at 0x109299b10&gt;)</failure></testcase><testcase classname="tests.test_richless" name="test_audit_failures[render-before-sh]" time="0.153"><failure message="AssertionError: ['Raw content remains available despite failure', 'Unrecovered rendering error is not reported as success']&#10;assert False&#10; +  where False = all(&lt;generator object audit_finish.&lt;locals&gt;.&lt;genexpr&gt; at 0x10929fb90&gt;)">tests/test_richless.py:1183: in test_audit_failures
    audit_finish(a)
tests/test_richless.py:658: in audit_finish
    assert all(c['pass'] for c in item['checks']), [c['expectation'] for c in item['checks'] if not c['pass']]
E   AssertionError: ['Raw content remains available despite failure', 'Unrecovered rendering error is not reported as success']
E   assert False
E    +  where False = all(&lt;generator object audit_finish.&lt;locals&gt;.&lt;genexpr&gt; at 0x10929fb90&gt;)</failure></testcase><testcase classname="tests.test_richless" name="test_audit_failures[render-after-bash]" time="0.168"><failure message="AssertionError: ['Raw content remains available despite failure', 'Unrecovered rendering error is not reported as success']&#10;assert False&#10; +  where False = all(&lt;generator object audit_finish.&lt;locals&gt;.&lt;genexpr&gt; at 0x10929b1d0&gt;)">tests/test_richless.py:1183: in test_audit_failures
    audit_finish(a)
tests/test_richless.py:658: in audit_finish
    assert all(c['pass'] for c in item['checks']), [c['expectation'] for c in item['checks'] if not c['pass']]
E   AssertionError: ['Raw content remains available despite failure', 'Unrecovered rendering error is not reported as success']
E   assert False
E    +  where False = all(&lt;generator object audit_finish.&lt;locals&gt;.&lt;genexpr&gt; at 0x10929b1d0&gt;)</failure></testcase><testcase classname="tests.test_richless" name="test_audit_failures[render-after-zsh]" time="0.198"><failure message="AssertionError: ['Raw content remains available despite failure', 'Unrecovered rendering error is not reported as success']&#10;assert False&#10; +  where False = all(&lt;generator object audit_finish.&lt;locals&gt;.&lt;genexpr&gt; at 0x109284450&gt;)">tests/test_richless.py:1183: in test_audit_failures
    audit_finish(a)
tests/test_richless.py:658: in audit_finish
    assert all(c['pass'] for c in item['checks']), [c['expectation'] for c in item['checks'] if not c['pass']]
E   AssertionError: ['Raw content remains available despite failure', 'Unrecovered rendering error is not reported as success']
E   assert False
E    +  where False = all(&lt;generator object audit_finish.&lt;locals&gt;.&lt;genexpr&gt; at 0x109284450&gt;)</failure></testcase><testcase classname="tests.test_richless" name="test_audit_failures[render-after-sh]" time="0.151"><failure message="AssertionError: ['Raw content remains available despite failure', 'Unrecovered rendering error is not reported as success']&#10;assert False&#10; +  where False = all(&lt;generator object audit_finish.&lt;locals&gt;.&lt;genexpr&gt; at 0x109285970&gt;)">tests/test_richless.py:1183: in test_audit_failures
    audit_finish(a)
tests/test_richless.py:658: in audit_finish
    assert all(c['pass'] for c in item['checks']), [c['expectation'] for c in item['checks'] if not c['pass']]
E   AssertionError: ['Raw content remains available despite failure', 'Unrecovered rendering error is not reported as success']
E   assert False
E    +  where False = all(&lt;generator object audit_finish.&lt;locals&gt;.&lt;genexpr&gt; at 0x109285970&gt;)</failure></testcase><testcase classname="tests.test_richless" name="test_audit_python_render_failure[before]" time="0.101" /><testcase classname="tests.test_richless" name="test_audit_python_render_failure[after]" time="0.101"><failure message="AssertionError: ['Rendering fallback preserves raw input without partial-output contamination']&#10;assert False&#10; +  where False = all(&lt;generator object audit_finish.&lt;locals&gt;.&lt;genexpr&gt; at 0x109286f60&gt;)">tests/test_richless.py:1198: in test_audit_python_render_failure
    audit_finish(a)
tests/test_richless.py:658: in audit_finish
    assert all(c['pass'] for c in item['checks']), [c['expectation'] for c in item['checks'] if not c['pass']]
E   AssertionError: ['Rendering fallback preserves raw input without partial-output contamination']
E   assert False
E    +  where False = all(&lt;generator object audit_finish.&lt;locals&gt;.&lt;genexpr&gt; at 0x109286f60&gt;)</failure></testcase><testcase classname="tests.test_richless" name="test_audit_probe[incremental]" time="0.019"><skipped type="pytest.skip" message="Enable probes after baseline classification with RICHLESS_AUDIT_PROBES=1">/Users/bianco/projects/richless/tests/test_richless.py:1205: Enable probes after baseline classification with RICHLESS_AUDIT_PROBES=1</skipped></testcase><testcase classname="tests.test_richless" name="test_audit_probe[force-filter]" time="0.019"><skipped type="pytest.skip" message="Enable probes after baseline classification with RICHLESS_AUDIT_PROBES=1">/Users/bianco/projects/richless/tests/test_richless.py:1205: Enable probes after baseline classification with RICHLESS_AUDIT_PROBES=1</skipped></testcase><testcase classname="tests.test_richless" name="test_audit_probe[empty-fallback]" time="0.019"><skipped type="pytest.skip" message="Enable probes after baseline classification with RICHLESS_AUDIT_PROBES=1">/Users/bianco/projects/richless/tests/test_richless.py:1205: Enable probes after baseline classification with RICHLESS_AUDIT_PROBES=1</skipped></testcase><testcase classname="tests.test_richless" name="test_audit_performance[100-file-plain]" time="0.019"><skipped type="pytest.skip" message="Set RICHLESS_AUDIT_PERFORMANCE=1 for resource measurements">/Users/bianco/projects/richless/tests/test_richless.py:1262: Set RICHLESS_AUDIT_PERFORMANCE=1 for resource measurements</skipped></testcase><testcase classname="tests.test_richless" name="test_audit_performance[100-file-filter]" time="0.018"><skipped type="pytest.skip" message="Set RICHLESS_AUDIT_PERFORMANCE=1 for resource measurements">/Users/bianco/projects/richless/tests/test_richless.py:1262: Set RICHLESS_AUDIT_PERFORMANCE=1 for resource measurements</skipped></testcase><testcase classname="tests.test_richless" name="test_audit_performance[100-file-wrapper]" time="0.019"><skipped type="pytest.skip" message="Set RICHLESS_AUDIT_PERFORMANCE=1 for resource measurements">/Users/bianco/projects/richless/tests/test_richless.py:1262: Set RICHLESS_AUDIT_PERFORMANCE=1 for resource measurements</skipped></testcase><testcase classname="tests.test_richless" name="test_audit_performance[100-pipe-plain]" time="0.019"><skipped type="pytest.skip" message="Set RICHLESS_AUDIT_PERFORMANCE=1 for resource measurements">/Users/bianco/projects/richless/tests/test_richless.py:1262: Set RICHLESS_AUDIT_PERFORMANCE=1 for resource measurements</skipped></testcase><testcase classname="tests.test_richless" name="test_audit_performance[100-pipe-filter]" time="0.018"><skipped type="pytest.skip" message="Set RICHLESS_AUDIT_PERFORMANCE=1 for resource measurements">/Users/bianco/projects/richless/tests/test_richless.py:1262: Set RICHLESS_AUDIT_PERFORMANCE=1 for resource measurements</skipped></testcase><testcase classname="tests.test_richless" name="test_audit_performance[100-pipe-wrapper]" time="0.018"><skipped type="pytest.skip" message="Set RICHLESS_AUDIT_PERFORMANCE=1 for resource measurements">/Users/bianco/projects/richless/tests/test_richless.py:1262: Set RICHLESS_AUDIT_PERFORMANCE=1 for resource measurements</skipped></testcase><testcase classname="tests.test_richless" name="test_audit_performance[10000-file-plain]" time="0.018"><skipped type="pytest.skip" message="Set RICHLESS_AUDIT_PERFORMANCE=1 for resource measurements">/Users/bianco/projects/richless/tests/test_richless.py:1262: Set RICHLESS_AUDIT_PERFORMANCE=1 for resource measurements</skipped></testcase><testcase classname="tests.test_richless" name="test_audit_performance[10000-file-filter]" time="0.018"><skipped type="pytest.skip" message="Set RICHLESS_AUDIT_PERFORMANCE=1 for resource measurements">/Users/bianco/projects/richless/tests/test_richless.py:1262: Set RICHLESS_AUDIT_PERFORMANCE=1 for resource measurements</skipped></testcase><testcase classname="tests.test_richless" name="test_audit_performance[10000-file-wrapper]" time="0.018"><skipped type="pytest.skip" message="Set RICHLESS_AUDIT_PERFORMANCE=1 for resource measurements">/Users/bianco/projects/richless/tests/test_richless.py:1262: Set RICHLESS_AUDIT_PERFORMANCE=1 for resource measurements</skipped></testcase><testcase classname="tests.test_richless" name="test_audit_performance[10000-pipe-plain]" time="0.018"><skipped type="pytest.skip" message="Set RICHLESS_AUDIT_PERFORMANCE=1 for resource measurements">/Users/bianco/projects/richless/tests/test_richless.py:1262: Set RICHLESS_AUDIT_PERFORMANCE=1 for resource measurements</skipped></testcase><testcase classname="tests.test_richless" name="test_audit_performance[10000-pipe-filter]" time="0.018"><skipped type="pytest.skip" message="Set RICHLESS_AUDIT_PERFORMANCE=1 for resource measurements">/Users/bianco/projects/richless/tests/test_richless.py:1262: Set RICHLESS_AUDIT_PERFORMANCE=1 for resource measurements</skipped></testcase><testcase classname="tests.test_richless" name="test_audit_performance[10000-pipe-wrapper]" time="0.018"><skipped type="pytest.skip" message="Set RICHLESS_AUDIT_PERFORMANCE=1 for resource measurements">/Users/bianco/projects/richless/tests/test_richless.py:1262: Set RICHLESS_AUDIT_PERFORMANCE=1 for resource measurements</skipped></testcase><testcase classname="tests.test_richless" name="test_audit_performance[166000-file-plain]" time="0.017"><skipped type="pytest.skip" message="Set RICHLESS_AUDIT_PERFORMANCE=1 for resource measurements">/Users/bianco/projects/richless/tests/test_richless.py:1262: Set RICHLESS_AUDIT_PERFORMANCE=1 for resource measurements</skipped></testcase><testcase classname="tests.test_richless" name="test_audit_performance[166000-file-filter]" time="0.018"><skipped type="pytest.skip" message="Set RICHLESS_AUDIT_PERFORMANCE=1 for resource measurements">/Users/bianco/projects/richless/tests/test_richless.py:1262: Set RICHLESS_AUDIT_PERFORMANCE=1 for resource measurements</skipped></testcase><testcase classname="tests.test_richless" name="test_audit_performance[166000-file-wrapper]" time="0.018"><skipped type="pytest.skip" message="Set RICHLESS_AUDIT_PERFORMANCE=1 for resource measurements">/Users/bianco/projects/richless/tests/test_richless.py:1262: Set RICHLESS_AUDIT_PERFORMANCE=1 for resource measurements</skipped></testcase><testcase classname="tests.test_richless" name="test_audit_performance[166000-pipe-plain]" time="0.018"><skipped type="pytest.skip" message="Set RICHLESS_AUDIT_PERFORMANCE=1 for resource measurements">/Users/bianco/projects/richless/tests/test_richless.py:1262: Set RICHLESS_AUDIT_PERFORMANCE=1 for resource measurements</skipped></testcase><testcase classname="tests.test_richless" name="test_audit_performance[166000-pipe-filter]" time="0.019"><skipped type="pytest.skip" message="Set RICHLESS_AUDIT_PERFORMANCE=1 for resource measurements">/Users/bianco/projects/richless/tests/test_richless.py:1262: Set RICHLESS_AUDIT_PERFORMANCE=1 for resource measurements</skipped></testcase><testcase classname="tests.test_richless" name="test_audit_performance[166000-pipe-wrapper]" time="0.017"><skipped type="pytest.skip" message="Set RICHLESS_AUDIT_PERFORMANCE=1 for resource measurements">/Users/bianco/projects/richless/tests/test_richless.py:1262: Set RICHLESS_AUDIT_PERFORMANCE=1 for resource measurements</skipped></testcase><testcase classname="tests.test_richless" name="test_audit_performance[500000-file-plain]" time="0.018"><skipped type="pytest.skip" message="Set RICHLESS_AUDIT_PERFORMANCE=1 for resource measurements">/Users/bianco/projects/richless/tests/test_richless.py:1262: Set RICHLESS_AUDIT_PERFORMANCE=1 for resource measurements</skipped></testcase><testcase classname="tests.test_richless" name="test_audit_performance[500000-file-filter]" time="0.018"><skipped type="pytest.skip" message="Set RICHLESS_AUDIT_PERFORMANCE=1 for resource measurements">/Users/bianco/projects/richless/tests/test_richless.py:1262: Set RICHLESS_AUDIT_PERFORMANCE=1 for resource measurements</skipped></testcase><testcase classname="tests.test_richless" name="test_audit_performance[500000-file-wrapper]" time="0.017"><skipped type="pytest.skip" message="Set RICHLESS_AUDIT_PERFORMANCE=1 for resource measurements">/Users/bianco/projects/richless/tests/test_richless.py:1262: Set RICHLESS_AUDIT_PERFORMANCE=1 for resource measurements</skipped></testcase><testcase classname="tests.test_richless" name="test_audit_performance[500000-pipe-plain]" time="0.018"><skipped type="pytest.skip" message="Set RICHLESS_AUDIT_PERFORMANCE=1 for resource measurements">/Users/bianco/projects/richless/tests/test_richless.py:1262: Set RICHLESS_AUDIT_PERFORMANCE=1 for resource measurements</skipped></testcase><testcase classname="tests.test_richless" name="test_audit_performance[500000-pipe-filter]" time="0.019"><skipped type="pytest.skip" message="Set RICHLESS_AUDIT_PERFORMANCE=1 for resource measurements">/Users/bianco/projects/richless/tests/test_richless.py:1262: Set RICHLESS_AUDIT_PERFORMANCE=1 for resource measurements</skipped></testcase><testcase classname="tests.test_richless" name="test_audit_performance[500000-pipe-wrapper]" time="0.018"><skipped type="pytest.skip" message="Set RICHLESS_AUDIT_PERFORMANCE=1 for resource measurements">/Users/bianco/projects/richless/tests/test_richless.py:1262: Set RICHLESS_AUDIT_PERFORMANCE=1 for resource measurements</skipped></testcase><testcase classname="tests.test_richless" name="test_audit_initial_position[line-plain-bash]" time="0.100" /><testcase classname="tests.test_richless" name="test_audit_initial_position[line-plain-zsh]" time="0.097" /><testcase classname="tests.test_richless" name="test_audit_initial_position[line-plain-sh]" time="0.102" /><testcase classname="tests.test_richless" name="test_audit_initial_position[line-filter-bash]" time="0.314" /><testcase classname="tests.test_richless" name="test_audit_initial_position[line-filter-zsh]" time="0.316" /><testcase classname="tests.test_richless" name="test_audit_initial_position[line-filter-sh]" time="0.315" /><testcase classname="tests.test_richless" name="test_audit_initial_position[line-wrapper-bash]" time="0.317" /><testcase classname="tests.test_richless" name="test_audit_initial_position[line-wrapper-zsh]" time="0.310" /><testcase classname="tests.test_richless" name="test_audit_initial_position[line-wrapper-sh]" time="0.267" /><testcase classname="tests.test_richless" name="test_audit_initial_position[search-plain-bash]" time="0.098" /><testcase classname="tests.test_richless" name="test_audit_initial_position[search-plain-zsh]" time="0.097" /><testcase classname="tests.test_richless" name="test_audit_initial_position[search-plain-sh]" time="0.099" /><testcase classname="tests.test_richless" name="test_audit_initial_position[search-filter-bash]" time="0.317" /><testcase classname="tests.test_richless" name="test_audit_initial_position[search-filter-zsh]" time="0.259" /><testcase classname="tests.test_richless" name="test_audit_initial_position[search-filter-sh]" time="0.317" /><testcase classname="tests.test_richless" name="test_audit_initial_position[search-wrapper-bash]" time="0.314" /><testcase classname="tests.test_richless" name="test_audit_initial_position[search-wrapper-zsh]" time="0.310" /><testcase classname="tests.test_richless" name="test_audit_initial_position[search-wrapper-sh]" time="0.314" /><testcase classname="tests.test_richless" name="test_audit_initial_position[phrase-pipe-plain-bash]" time="0.099" /><testcase classname="tests.test_richless" name="test_audit_initial_position[phrase-pipe-plain-zsh]" time="0.102" /><testcase classname="tests.test_richless" name="test_audit_initial_position[phrase-pipe-plain-sh]" time="0.093" /><testcase classname="tests.test_richless" name="test_audit_initial_position[phrase-pipe-filter-bash]" time="0.095" /><testcase classname="tests.test_richless" name="test_audit_initial_position[phrase-pipe-filter-zsh]" time="0.102" /><testcase classname="tests.test_richless" name="test_audit_initial_position[phrase-pipe-filter-sh]" time="0.101" /><testcase classname="tests.test_richless" name="test_audit_initial_position[phrase-pipe-wrapper-bash]" time="3.022"><failure message="AssertionError: ['Initial viewport reaches requested line or search match']&#10;assert False&#10; +  where False = all(&lt;generator object audit_finish.&lt;locals&gt;.&lt;genexpr&gt; at 0x109224fb0&gt;)">tests/test_richless.py:1311: in test_audit_initial_position
    audit_finish(a)
tests/test_richless.py:658: in audit_finish
    assert all(c['pass'] for c in item['checks']), [c['expectation'] for c in item['checks'] if not c['pass']]
E   AssertionError: ['Initial viewport reaches requested line or search match']
E   assert False
E    +  where False = all(&lt;generator object audit_finish.&lt;locals&gt;.&lt;genexpr&gt; at 0x109224fb0&gt;)</failure></testcase><testcase classname="tests.test_richless" name="test_audit_initial_position[phrase-pipe-wrapper-zsh]" time="3.021"><failure message="AssertionError: ['Initial viewport reaches requested line or search match']&#10;assert False&#10; +  where False = all(&lt;generator object audit_finish.&lt;locals&gt;.&lt;genexpr&gt; at 0x109298790&gt;)">tests/test_richless.py:1311: in test_audit_initial_position
    audit_finish(a)
tests/test_richless.py:658: in audit_finish
    assert all(c['pass'] for c in item['checks']), [c['expectation'] for c in item['checks'] if not c['pass']]
E   AssertionError: ['Initial viewport reaches requested line or search match']
E   assert False
E    +  where False = all(&lt;generator object audit_finish.&lt;locals&gt;.&lt;genexpr&gt; at 0x109298790&gt;)</failure></testcase><testcase classname="tests.test_richless" name="test_audit_initial_position[phrase-pipe-wrapper-sh]" time="3.022"><failure message="AssertionError: ['Initial viewport reaches requested line or search match']&#10;assert False&#10; +  where False = all(&lt;generator object audit_finish.&lt;locals&gt;.&lt;genexpr&gt; at 0x109219490&gt;)">tests/test_richless.py:1311: in test_audit_initial_position
    audit_finish(a)
tests/test_richless.py:658: in audit_finish
    assert all(c['pass'] for c in item['checks']), [c['expectation'] for c in item['checks'] if not c['pass']]
E   AssertionError: ['Initial viewport reaches requested line or search match']
E   assert False
E    +  where False = all(&lt;generator object audit_finish.&lt;locals&gt;.&lt;genexpr&gt; at 0x109219490&gt;)</failure></testcase></testsuite></testsuites>